#
# A fatal error has been detected by the Java Runtime Environment:
#
#  EXCEPTION_ACCESS_VIOLATION (0xc0000005) at pc=0x000000005ef3e2ef, pid=25452, tid=0x000000000000204c
#
# JRE version: Java(TM) SE Runtime Environment (8.0_131-b11) (build 1.8.0_131-b11)
# Java VM: Java HotSpot(TM) 64-Bit Server VM (25.131-b11 mixed mode windows-amd64 compressed oops)
# Problematic frame:
# V  [jvm.dll+0x1de2ef]
#
# Failed to write core dump. Minidumps are not enabled by default on client versions of Windows
#
# If you would like to submit a bug report, please visit:
#   http://bugreport.java.com/bugreport/crash.jsp
#

---------------  T H R E A D  ---------------

Current thread (0x000000002408e800):  JavaThread "http-nio-8080-exec-1" daemon [_thread_in_vm, id=8268, stack(0x0000000026650000,0x0000000026750000)]

siginfo: ExceptionCode=0xc0000005, reading address 0x000000000000000c

Registers:
RAX=0x0000000000000000, RBX=0x000000002408e800, RCX=0x0000000000000e80, RDX=0x000000002674cac0
RSP=0x000000002674ca70, RBP=0x0000000000000000, RSI=0x000000002408e9f8, RDI=0x0000000000000000
R8 =0x0000000000000000, R9 =0x000000000000000c, R10=0x0000000003c88f0f, R11=0x0000000003c88ed8
R12=0x000000000000000c, R13=0x000000002674cb20, R14=0x000000002674cb98, R15=0x000000002408e800
RIP=0x000000005ef3e2ef, EFLAGS=0x0000000000010202

Top of Stack: (sp=0x000000002674ca70)
0x000000002674ca70:   000000076ea45008 000000005ee55d71
0x000000002674ca80:   000000002674cbb0 0000000003a6875c
0x000000002674ca90:   0000000000000000 0000000003c88f8d
0x000000002674caa0:   000000001c44e0c8 000000002674cb00
0x000000002674cab0:   0000000000200021 00000006cb4d8e70
0x000000002674cac0:   00000006ca005268 0000000000000000
0x000000002674cad0:   00000006ca0028d0 00000000036383fd
0x000000002674cae0:   000000076ea496c0 000000002674cae8
0x000000002674caf0:   00000000281e9ca1 000000002674cb40
0x000000002674cb00:   000000002674cb80 0000000003638180
0x000000002674cb10:   00000000281e9cd0 0000000003638180
0x000000002674cb20:   000000000000000c 000000002674cb90
0x000000002674cb30:   0000000000000000 00000006ca005268
0x000000002674cb40:   000000002674cb40 0000000028207b2d
0x000000002674cb50:   000000002674cb98 00000000282089a0
0x000000002674cb60:   0000000000000000 0000000028207b70 

Instructions: (pc=0x000000005ef3e2ef)
0x000000005ef3e2cf:   00 c7 83 70 02 00 00 06 00 00 00 48 8b c7 48 85
0x000000005ef3e2df:   ed 74 04 48 8b 45 00 40 38 3d c3 f0 62 00 74 1c
0x000000005ef3e2ef:   42 8b 0c 20 85 c9 74 18 8b f9 8b 0d 99 24 5c 00
0x000000005ef3e2ff:   48 d3 e7 48 03 3d 87 24 5c 00 eb 04 4a 8b 3c 20 


Register to memory mapping:

RAX=0x0000000000000000 is an unknown value
RBX=0x000000002408e800 is a thread
RCX=0x0000000000000e80 is an unknown value
RDX=0x000000002674cac0 is pointing into the stack for thread: 0x000000002408e800
RSP=0x000000002674ca70 is pointing into the stack for thread: 0x000000002408e800
RBP=0x0000000000000000 is an unknown value
RSI=0x000000002408e9f8 is an unknown value
RDI=0x0000000000000000 is an unknown value
R8 =0x0000000000000000 is an unknown value
R9 =0x000000000000000c is an unknown value
R10=0x0000000003c88f0f is at entry_point+79 in (nmethod*)0x0000000003c88d50
R11=0x0000000003c88ed8 is at entry_point+24 in (nmethod*)0x0000000003c88d50
R12=0x000000000000000c is an unknown value
R13=0x000000002674cb20 is pointing into the stack for thread: 0x000000002408e800
R14=0x000000002674cb98 is pointing into the stack for thread: 0x000000002408e800
R15=0x000000002408e800 is a thread


Stack: [0x0000000026650000,0x0000000026750000],  sp=0x000000002674ca70,  free space=1010k
Native frames: (J=compiled Java code, j=interpreted, Vv=VM code, C=native code)

Java frames: (J=compiled Java code, j=interpreted, Vv=VM code)
J 3037  sun.misc.Unsafe.getObject(Ljava/lang/Object;J)Ljava/lang/Object; (0 bytes) @ 0x0000000003c88f0f [0x0000000003c88ec0+0x4f]
j  com.alibaba.fastjson2.util.JDKUtils.getCharArray(Ljava/lang/String;)[C+13
j  com.alibaba.fastjson2.JSONReader.of(Ljava/lang/String;)Lcom/alibaba/fastjson2/JSONReader;+96
j  com.alibaba.fastjson.JSON.parseArray(Ljava/lang/String;[Lcom/alibaba/fastjson/parser/Feature;)Lcom/alibaba/fastjson/JSONArray;+1
j  com.lzh.usercenter.service.impl.UserServiceImpl.recommendUsers()Lcom/lzh/usercenter/utils/R;+70
j  com.lzh.usercenter.service.impl.UserServiceImpl$$FastClassBySpringCGLIB$$528e6062.invoke(ILjava/lang/Object;[Ljava/lang/Object;)Ljava/lang/Object;+290
j  org.springframework.cglib.proxy.MethodProxy.invoke(Ljava/lang/Object;[Ljava/lang/Object;)Ljava/lang/Object;+19
j  org.springframework.aop.framework.CglibAopProxy.invokeMethod(Ljava/lang/Object;Ljava/lang/reflect/Method;[Ljava/lang/Object;Lorg/springframework/cglib/proxy/MethodProxy;)Ljava/lang/Object;+3
j  org.springframework.aop.framework.CglibAopProxy.access$000(Ljava/lang/Object;Ljava/lang/reflect/Method;[Ljava/lang/Object;Lorg/springframework/cglib/proxy/MethodProxy;)Ljava/lang/Object;+4
j  org.springframework.aop.framework.CglibAopProxy$DynamicAdvisedInterceptor.intercept(Ljava/lang/Object;Ljava/lang/reflect/Method;[Ljava/lang/Object;Lorg/springframework/cglib/proxy/MethodProxy;)Ljava/lang/Object;+105
j  com.lzh.usercenter.service.impl.UserServiceImpl$$EnhancerBySpringCGLIB$$4172fa41.recommendUsers()Lcom/lzh/usercenter/utils/R;+31
j  com.lzh.usercenter.controller.UserController.recommendUsers()Lcom/lzh/usercenter/utils/R;+4
v  ~StubRoutines::call_stub
J 2014  sun.reflect.NativeMethodAccessorImpl.invoke0(Ljava/lang/reflect/Method;Ljava/lang/Object;[Ljava/lang/Object;)Ljava/lang/Object; (0 bytes) @ 0x0000000003a7db7f [0x0000000003a7db00+0x7f]
J 2013 C1 sun.reflect.NativeMethodAccessorImpl.invoke(Ljava/lang/Object;[Ljava/lang/Object;)Ljava/lang/Object; (104 bytes) @ 0x0000000003a7e35c [0x0000000003a7df60+0x3fc]
J 2101 C1 sun.reflect.DelegatingMethodAccessorImpl.invoke(Ljava/lang/Object;[Ljava/lang/Object;)Ljava/lang/Object; (10 bytes) @ 0x0000000003aa7dc4 [0x0000000003aa7d60+0x64]
J 1958 C1 java.lang.reflect.Method.invoke(Ljava/lang/Object;[Ljava/lang/Object;)Ljava/lang/Object; (62 bytes) @ 0x0000000003a6875c [0x0000000003a68620+0x13c]
j  org.springframework.web.method.support.InvocableHandlerMethod.doInvoke([Ljava/lang/Object;)Ljava/lang/Object;+28
j  org.springframework.web.method.support.InvocableHandlerMethod.invokeForRequest(Lorg/springframework/web/context/request/NativeWebRequest;Lorg/springframework/web/method/support/ModelAndViewContainer;[Ljava/lang/Object;)Ljava/lang/Object;+54
j  org.springframework.web.servlet.mvc.method.annotation.ServletInvocableHandlerMethod.invokeAndHandle(Lorg/springframework/web/context/request/ServletWebRequest;Lorg/springframework/web/method/support/ModelAndViewContainer;[Ljava/lang/Object;)V+4
j  org.springframework.web.servlet.mvc.method.annotation.RequestMappingHandlerAdapter.invokeHandlerMethod(Ljavax/servlet/http/HttpServletRequest;Ljavax/servlet/http/HttpServletResponse;Lorg/springframework/web/method/HandlerMethod;)Lorg/springframework/web/servlet/ModelAndView;+244
j  org.springframework.web.servlet.mvc.method.annotation.RequestMappingHandlerAdapter.handleInternal(Ljavax/servlet/http/HttpServletRequest;Ljavax/servlet/http/HttpServletResponse;Lorg/springframework/web/method/HandlerMethod;)Lorg/springframework/web/servlet/ModelAndView;+81
j  org.springframework.web.servlet.mvc.method.AbstractHandlerMethodAdapter.handle(Ljavax/servlet/http/HttpServletRequest;Ljavax/servlet/http/HttpServletResponse;Ljava/lang/Object;)Lorg/springframework/web/servlet/ModelAndView;+7
j  org.springframework.web.servlet.DispatcherServlet.doDispatch(Ljavax/servlet/http/HttpServletRequest;Ljavax/servlet/http/HttpServletResponse;)V+259
j  org.springframework.web.servlet.DispatcherServlet.doService(Ljavax/servlet/http/HttpServletRequest;Ljavax/servlet/http/HttpServletResponse;)V+241
j  org.springframework.web.servlet.FrameworkServlet.processRequest(Ljavax/servlet/http/HttpServletRequest;Ljavax/servlet/http/HttpServletResponse;)V+71
j  org.springframework.web.servlet.FrameworkServlet.doGet(Ljavax/servlet/http/HttpServletRequest;Ljavax/servlet/http/HttpServletResponse;)V+3
j  javax.servlet.http.HttpServlet.service(Ljavax/servlet/http/HttpServletRequest;Ljavax/servlet/http/HttpServletResponse;)V+35
j  org.springframework.web.servlet.FrameworkServlet.service(Ljavax/servlet/http/HttpServletRequest;Ljavax/servlet/http/HttpServletResponse;)V+33
j  javax.servlet.http.HttpServlet.service(Ljavax/servlet/ServletRequest;Ljavax/servlet/ServletResponse;)V+36
j  org.apache.catalina.core.ApplicationFilterChain.internalDoFilter(Ljavax/servlet/ServletRequest;Ljavax/servlet/ServletResponse;)V+304
j  org.apache.catalina.core.ApplicationFilterChain.doFilter(Ljavax/servlet/ServletRequest;Ljavax/servlet/ServletResponse;)V+99
j  org.apache.tomcat.websocket.server.WsFilter.doFilter(Ljavax/servlet/ServletRequest;Ljavax/servlet/ServletResponse;Ljavax/servlet/FilterChain;)V+21
j  org.apache.catalina.core.ApplicationFilterChain.internalDoFilter(Ljavax/servlet/ServletRequest;Ljavax/servlet/ServletResponse;)V+135
j  org.apache.catalina.core.ApplicationFilterChain.doFilter(Ljavax/servlet/ServletRequest;Ljavax/servlet/ServletResponse;)V+99
j  org.springframework.web.filter.RequestContextFilter.doFilterInternal(Ljavax/servlet/http/HttpServletRequest;Ljavax/servlet/http/HttpServletResponse;Ljavax/servlet/FilterChain;)V+21
j  org.springframework.web.filter.OncePerRequestFilter.doFilter(Ljavax/servlet/ServletRequest;Ljavax/servlet/ServletResponse;Ljavax/servlet/FilterChain;)V+147
j  org.apache.catalina.core.ApplicationFilterChain.internalDoFilter(Ljavax/servlet/ServletRequest;Ljavax/servlet/ServletResponse;)V+135
j  org.apache.catalina.core.ApplicationFilterChain.doFilter(Ljavax/servlet/ServletRequest;Ljavax/servlet/ServletResponse;)V+99
j  org.springframework.web.filter.FormContentFilter.doFilterInternal(Ljavax/servlet/http/HttpServletRequest;Ljavax/servlet/http/HttpServletResponse;Ljavax/servlet/FilterChain;)V+38
j  org.springframework.web.filter.OncePerRequestFilter.doFilter(Ljavax/servlet/ServletRequest;Ljavax/servlet/ServletResponse;Ljavax/servlet/FilterChain;)V+147
j  org.apache.catalina.core.ApplicationFilterChain.internalDoFilter(Ljavax/servlet/ServletRequest;Ljavax/servlet/ServletResponse;)V+135
j  org.apache.catalina.core.ApplicationFilterChain.doFilter(Ljavax/servlet/ServletRequest;Ljavax/servlet/ServletResponse;)V+99
j  org.springframework.session.web.http.SessionRepositoryFilter.doFilterInternal(Ljavax/servlet/http/HttpServletRequest;Ljavax/servlet/http/HttpServletResponse;Ljavax/servlet/FilterChain;)V+44
j  org.springframework.session.web.http.OncePerRequestFilter.doFilter(Ljavax/servlet/ServletRequest;Ljavax/servlet/ServletResponse;Ljavax/servlet/FilterChain;)V+118
j  org.apache.catalina.core.ApplicationFilterChain.internalDoFilter(Ljavax/servlet/ServletRequest;Ljavax/servlet/ServletResponse;)V+135
j  org.apache.catalina.core.ApplicationFilterChain.doFilter(Ljavax/servlet/ServletRequest;Ljavax/servlet/ServletResponse;)V+99
j  org.springframework.web.filter.CharacterEncodingFilter.doFilterInternal(Ljavax/servlet/http/HttpServletRequest;Ljavax/servlet/http/HttpServletResponse;Ljavax/servlet/FilterChain;)V+53
j  org.springframework.web.filter.OncePerRequestFilter.doFilter(Ljavax/servlet/ServletRequest;Ljavax/servlet/ServletResponse;Ljavax/servlet/FilterChain;)V+147
j  org.apache.catalina.core.ApplicationFilterChain.internalDoFilter(Ljavax/servlet/ServletRequest;Ljavax/servlet/ServletResponse;)V+135
j  org.apache.catalina.core.ApplicationFilterChain.doFilter(Ljavax/servlet/ServletRequest;Ljavax/servlet/ServletResponse;)V+99
j  org.apache.catalina.core.StandardWrapperValve.invoke(Lorg/apache/catalina/connector/Request;Lorg/apache/catalina/connector/Response;)V+694
j  org.apache.catalina.core.StandardContextValve.invoke(Lorg/apache/catalina/connector/Request;Lorg/apache/catalina/connector/Response;)V+169
j  org.apache.catalina.authenticator.AuthenticatorBase.invoke(Lorg/apache/catalina/connector/Request;Lorg/apache/catalina/connector/Response;)V+260
j  org.apache.catalina.core.StandardHostValve.invoke(Lorg/apache/catalina/connector/Request;Lorg/apache/catalina/connector/Response;)V+128
j  org.apache.catalina.valves.ErrorReportValve.invoke(Lorg/apache/catalina/connector/Request;Lorg/apache/catalina/connector/Response;)V+6
j  org.apache.catalina.core.StandardEngineValve.invoke(Lorg/apache/catalina/connector/Request;Lorg/apache/catalina/connector/Response;)V+59
j  org.apache.catalina.connector.CoyoteAdapter.service(Lorg/apache/coyote/Request;Lorg/apache/coyote/Response;)V+203
j  org.apache.coyote.http11.Http11Processor.service(Lorg/apache/tomcat/util/net/SocketWrapperBase;)Lorg/apache/tomcat/util/net/AbstractEndpoint$Handler$SocketState;+796
j  org.apache.coyote.AbstractProcessorLight.process(Lorg/apache/tomcat/util/net/SocketWrapperBase;Lorg/apache/tomcat/util/net/SocketEvent;)Lorg/apache/tomcat/util/net/AbstractEndpoint$Handler$SocketState;+170
j  org.apache.coyote.AbstractProtocol$ConnectionHandler.process(Lorg/apache/tomcat/util/net/SocketWrapperBase;Lorg/apache/tomcat/util/net/SocketEvent;)Lorg/apache/tomcat/util/net/AbstractEndpoint$Handler$SocketState;+489
j  org.apache.tomcat.util.net.NioEndpoint$SocketProcessor.doRun()V+249
j  org.apache.tomcat.util.net.SocketProcessorBase.run()V+21
j  org.apache.tomcat.util.threads.ThreadPoolExecutor.runWorker(Lorg/apache/tomcat/util/threads/ThreadPoolExecutor$Worker;)V+92
j  org.apache.tomcat.util.threads.ThreadPoolExecutor$Worker.run()V+5
j  org.apache.tomcat.util.threads.TaskThread$WrappingRunnable.run()V+4
j  java.lang.Thread.run()V+11
v  ~StubRoutines::call_stub

---------------  P R O C E S S  ---------------

Java Threads: ( => current thread )
  0x00000000204c5800 JavaThread "HikariPool-1 connection adder" daemon [_thread_blocked, id=19572, stack(0x0000000028060000,0x0000000028160000)]
  0x00000000204c1000 JavaThread "HikariPool-1 housekeeper" daemon [_thread_blocked, id=25644, stack(0x0000000022170000,0x0000000022270000)]
  0x000000002409b800 JavaThread "RMI TCP Connection(4)-192.168.10.1" daemon [_thread_in_native, id=9244, stack(0x0000000022070000,0x0000000022170000)]
  0x000000002409a800 JavaThread "DestroyJavaVM" [_thread_blocked, id=16220, stack(0x00000000032e0000,0x00000000033e0000)]
  0x000000002409a000 JavaThread "pool-2-thread-1" [_thread_blocked, id=27712, stack(0x0000000027b60000,0x0000000027c60000)]
  0x0000000024099000 JavaThread "lettuce-eventExecutorLoop-1-3" daemon [_thread_blocked, id=28988, stack(0x0000000027a60000,0x0000000027b60000)]
  0x0000000024091800 JavaThread "lettuce-eventExecutorLoop-1-2" daemon [_thread_blocked, id=28172, stack(0x0000000027960000,0x0000000027a60000)]
  0x0000000024098800 JavaThread "lettuce-nioEventLoop-4-2" daemon [_thread_in_native, id=18596, stack(0x0000000027450000,0x0000000027550000)]
  0x0000000024097800 JavaThread "http-nio-8080-Acceptor" daemon [_thread_in_native, id=20204, stack(0x0000000027150000,0x0000000027250000)]
  0x0000000024094800 JavaThread "http-nio-8080-Poller" daemon [_thread_in_native, id=2920, stack(0x0000000027050000,0x0000000027150000)]
  0x0000000024090000 JavaThread "http-nio-8080-exec-10" daemon [_thread_blocked, id=28636, stack(0x0000000026f50000,0x0000000027050000)]
  0x0000000024094000 JavaThread "http-nio-8080-exec-9" daemon [_thread_blocked, id=24096, stack(0x0000000026e50000,0x0000000026f50000)]
  0x0000000024095800 JavaThread "http-nio-8080-exec-8" daemon [_thread_blocked, id=22904, stack(0x0000000026d50000,0x0000000026e50000)]
  0x0000000024093000 JavaThread "http-nio-8080-exec-7" daemon [_thread_blocked, id=30200, stack(0x0000000026c50000,0x0000000026d50000)]
  0x0000000024097000 JavaThread "http-nio-8080-exec-6" daemon [_thread_blocked, id=12988, stack(0x0000000026b50000,0x0000000026c50000)]
  0x000000002408f800 JavaThread "http-nio-8080-exec-5" daemon [_thread_blocked, id=3812, stack(0x0000000026a50000,0x0000000026b50000)]
  0x0000000024096000 JavaThread "http-nio-8080-exec-4" daemon [_thread_blocked, id=17528, stack(0x0000000026950000,0x0000000026a50000)]
  0x0000000024091000 JavaThread "http-nio-8080-exec-3" daemon [_thread_blocked, id=3940, stack(0x0000000026850000,0x0000000026950000)]
  0x0000000024092800 JavaThread "http-nio-8080-exec-2" daemon [_thread_blocked, id=10812, stack(0x0000000026750000,0x0000000026850000)]
=>0x000000002408e800 JavaThread "http-nio-8080-exec-1" daemon [_thread_in_vm, id=8268, stack(0x0000000026650000,0x0000000026750000)]
  0x000000002408c800 JavaThread "File Watcher" daemon [_thread_blocked, id=30000, stack(0x0000000026550000,0x0000000026650000)]
  0x000000002408e000 JavaThread "lettuce-eventExecutorLoop-1-1" daemon [_thread_blocked, id=29928, stack(0x0000000026450000,0x0000000026550000)]
  0x000000002408d000 JavaThread "lettuce-nioEventLoop-4-1" daemon [_thread_in_native, id=18412, stack(0x0000000025e40000,0x0000000025f40000)]
  0x0000000021c38800 JavaThread "Live Reload Server" daemon [_thread_in_native, id=17868, stack(0x0000000025940000,0x0000000025a40000)]
  0x0000000021c36000 JavaThread "RMI TCP Connection(3)-192.168.10.1" daemon [_thread_in_native, id=30344, stack(0x0000000025440000,0x0000000025540000)]
  0x0000000021c39000 JavaThread "mysql-cj-abandoned-connection-cleanup" daemon [_thread_blocked, id=23200, stack(0x0000000025040000,0x0000000025140000)]
  0x0000000021c37000 JavaThread "container-0" [_thread_blocked, id=10208, stack(0x0000000024d40000,0x0000000024e40000)]
  0x0000000021c35800 JavaThread "Catalina-utility-2" [_thread_blocked, id=22176, stack(0x0000000024c40000,0x0000000024d40000)]
  0x0000000021c34800 JavaThread "Catalina-utility-1" [_thread_blocked, id=8704, stack(0x0000000024b40000,0x0000000024c40000)]
  0x0000000021c37800 JavaThread "lettuce-timer-3-1" daemon [_thread_blocked, id=2436, stack(0x0000000022870000,0x0000000022970000)]
  0x00000000211c0000 JavaThread "RMI Scheduler(0)" daemon [_thread_blocked, id=23108, stack(0x0000000022570000,0x0000000022670000)]
  0x0000000021172000 JavaThread "RMI TCP Connection(2)-192.168.10.1" daemon [_thread_in_native, id=27188, stack(0x0000000022270000,0x0000000022370000)]
  0x00000000203a6800 JavaThread "RMI TCP Accept-0" daemon [_thread_in_native, id=25632, stack(0x0000000020a90000,0x0000000020b90000)]
  0x000000002013d000 JavaThread "Service Thread" daemon [_thread_blocked, id=27596, stack(0x0000000020990000,0x0000000020a90000)]
  0x0000000020099000 JavaThread "C1 CompilerThread3" daemon [_thread_blocked, id=3204, stack(0x0000000020890000,0x0000000020990000)]
  0x0000000020096000 JavaThread "C2 CompilerThread2" daemon [_thread_blocked, id=29524, stack(0x0000000020790000,0x0000000020890000)]
  0x0000000020048000 JavaThread "C2 CompilerThread1" daemon [_thread_blocked, id=2328, stack(0x0000000020690000,0x0000000020790000)]
  0x0000000020047000 JavaThread "C2 CompilerThread0" daemon [_thread_blocked, id=17864, stack(0x0000000020590000,0x0000000020690000)]
  0x000000001e55c000 JavaThread "JDWP Command Reader" daemon [_thread_in_native, id=30088, stack(0x000000001fc90000,0x000000001fd90000)]
  0x000000001e559000 JavaThread "JDWP Event Helper Thread" daemon [_thread_blocked, id=11652, stack(0x000000001fb90000,0x000000001fc90000)]
  0x000000001e549800 JavaThread "JDWP Transport Listener: dt_socket" daemon [_thread_blocked, id=29220, stack(0x000000001fa90000,0x000000001fb90000)]
  0x000000001e53b800 JavaThread "Attach Listener" daemon [_thread_blocked, id=5936, stack(0x000000001f990000,0x000000001fa90000)]
  0x000000001e53b000 JavaThread "Signal Dispatcher" daemon [_thread_blocked, id=16836, stack(0x000000001f890000,0x000000001f990000)]
  0x000000001e4c3800 JavaThread "Finalizer" daemon [_thread_blocked, id=25392, stack(0x000000001f720000,0x000000001f820000)]
  0x000000001cdc2000 JavaThread "Reference Handler" daemon [_thread_blocked, id=22040, stack(0x000000001f620000,0x000000001f720000)]

Other Threads:
  0x000000001cdb5800 VMThread [stack: 0x000000001f520000,0x000000001f620000] [id=28068]
  0x00000000203b8800 WatcherThread [stack: 0x0000000020b90000,0x0000000020c90000] [id=28576]

VM state:not at safepoint (normal execution)

VM Mutex/Monitor currently owned by a thread: None

Heap:
 PSYoungGen      total 242688K, used 11209K [0x000000076e000000, 0x000000077e680000, 0x00000007c0000000)
  eden space 226816K, 4% used [0x000000076e000000,0x000000076eaf24f8,0x000000077bd80000)
  from space 15872K, 0% used [0x000000077d700000,0x000000077d700000,0x000000077e680000)
  to   space 19456K, 0% used [0x000000077c080000,0x000000077c080000,0x000000077d380000)
 ParOldGen       total 208896K, used 30543K [0x00000006ca000000, 0x00000006d6c00000, 0x000000076e000000)
  object space 208896K, 14% used [0x00000006ca000000,0x00000006cbdd3d20,0x00000006d6c00000)
 Metaspace       used 56037K, capacity 60100K, committed 60312K, reserved 1101824K
  class space    used 7348K, capacity 8111K, committed 8112K, reserved 1048576K

Card table byte_map: [0x00000000129f0000,0x00000000131b0000] byte_map_base: 0x000000000f3a0000

Marking Bits: (ParMarkBitMap*) 0x000000005f57c720
 Begin Bits: [0x00000000140d0000, 0x0000000017e50000)
 End Bits:   [0x0000000017e50000, 0x000000001bbd0000)

Polling page: 0x0000000002de0000

CodeCache: size=245760Kb used=9878Kb max_used=9878Kb free=235881Kb
 bounds [0x0000000003630000, 0x0000000003fe0000, 0x0000000012630000]
 total_blobs=5463 nmethods=4886 adapters=498
 compilation: enabled

Compilation events (10 events):
Event: 20.097 Thread 0x0000000020099000 nmethod 4926 0x0000000003fd2f10 code [0x0000000003fd3080, 0x0000000003fd3308]
Event: 20.097 Thread 0x0000000020099000 4927       1       org.springframework.core.MethodParameter::<init> (8 bytes)
Event: 20.097 Thread 0x0000000020099000 nmethod 4927 0x0000000003fd3490 code [0x0000000003fd3620, 0x0000000003fd39c8]
Event: 20.097 Thread 0x0000000020099000 4928       1       org.springframework.core.MethodParameter::<init> (30 bytes)
Event: 20.097 Thread 0x0000000020099000 nmethod 4928 0x0000000003fd3f10 code [0x0000000003fd40a0, 0x0000000003fd4448]
Event: 20.097 Thread 0x0000000020099000 4930   !   1       org.springframework.core.ResolvableType::hasUnresolvableGenerics (136 bytes)
Event: 20.098 Thread 0x0000000020099000 nmethod 4930 0x0000000003fd48d0 code [0x0000000003fd4ac0, 0x0000000003fd5038]
Event: 20.098 Thread 0x0000000020099000 4924       1       com.sun.beans.TypeResolver::resolveInClass (9 bytes)
Event: 20.098 Thread 0x0000000020099000 nmethod 4924 0x0000000003fd5610 code [0x0000000003fd57a0, 0x0000000003fd5a88]
Event: 20.098 Thread 0x0000000020099000 4929       1       org.springframework.core.ResolvableType::isUnresolvableTypeVariable (53 bytes)

GC Heap History (10 events):
Event: 4.414 GC heap before
{Heap before GC invocations=7 (full 1):
 PSYoungGen      total 134144K, used 124138K [0x000000076e000000, 0x0000000779a00000, 0x00000007c0000000)
  eden space 123904K, 91% used [0x000000076e000000,0x0000000774f42130,0x0000000775900000)
  from space 10240K, 99% used [0x0000000775900000,0x00000007762f8838,0x0000000776300000)
  to   space 12288K, 0% used [0x0000000778e00000,0x0000000778e00000,0x0000000779a00000)
 ParOldGen       total 93696K, used 7317K [0x00000006ca000000, 0x00000006cfb80000, 0x000000076e000000)
  object space 93696K, 7% used [0x00000006ca000000,0x00000006ca725438,0x00000006cfb80000)
 Metaspace       used 33162K, capacity 35426K, committed 35496K, reserved 1079296K
  class space    used 4417K, capacity 4895K, committed 4912K, reserved 1048576K
Event: 4.423 GC heap after
Heap after GC invocations=7 (full 1):
 PSYoungGen      total 175616K, used 12285K [0x000000076e000000, 0x000000077be80000, 0x00000007c0000000)
  eden space 163328K, 0% used [0x000000076e000000,0x000000076e000000,0x0000000777f80000)
  from space 12288K, 99% used [0x0000000778e00000,0x00000007799ff768,0x0000000779a00000)
  to   space 14848K, 0% used [0x0000000777f80000,0x0000000777f80000,0x0000000778e00000)
 ParOldGen       total 93696K, used 8722K [0x00000006ca000000, 0x00000006cfb80000, 0x000000076e000000)
  object space 93696K, 9% used [0x00000006ca000000,0x00000006ca884a00,0x00000006cfb80000)
 Metaspace       used 33162K, capacity 35426K, committed 35496K, reserved 1079296K
  class space    used 4417K, capacity 4895K, committed 4912K, reserved 1048576K
}
Event: 4.423 GC heap before
{Heap before GC invocations=8 (full 2):
 PSYoungGen      total 175616K, used 12285K [0x000000076e000000, 0x000000077be80000, 0x00000007c0000000)
  eden space 163328K, 0% used [0x000000076e000000,0x000000076e000000,0x0000000777f80000)
  from space 12288K, 99% used [0x0000000778e00000,0x00000007799ff768,0x0000000779a00000)
  to   space 14848K, 0% used [0x0000000777f80000,0x0000000777f80000,0x0000000778e00000)
 ParOldGen       total 93696K, used 8722K [0x00000006ca000000, 0x00000006cfb80000, 0x000000076e000000)
  object space 93696K, 9% used [0x00000006ca000000,0x00000006ca884a00,0x00000006cfb80000)
 Metaspace       used 33162K, capacity 35426K, committed 35496K, reserved 1079296K
  class space    used 4417K, capacity 4895K, committed 4912K, reserved 1048576K
Event: 4.456 GC heap after
Heap after GC invocations=8 (full 2):
 PSYoungGen      total 175616K, used 0K [0x000000076e000000, 0x000000077be80000, 0x00000007c0000000)
  eden space 163328K, 0% used [0x000000076e000000,0x000000076e000000,0x0000000777f80000)
  from space 12288K, 0% used [0x0000000778e00000,0x0000000778e00000,0x0000000779a00000)
  to   space 14848K, 0% used [0x0000000777f80000,0x0000000777f80000,0x0000000778e00000)
 ParOldGen       total 150016K, used 18139K [0x00000006ca000000, 0x00000006d3280000, 0x000000076e000000)
  object space 150016K, 12% used [0x00000006ca000000,0x00000006cb1b6e90,0x00000006d3280000)
 Metaspace       used 33162K, capacity 35426K, committed 35496K, reserved 1079296K
  class space    used 4417K, capacity 4895K, committed 4912K, reserved 1048576K
}
Event: 6.354 GC heap before
{Heap before GC invocations=9 (full 2):
 PSYoungGen      total 175616K, used 163328K [0x000000076e000000, 0x000000077be80000, 0x00000007c0000000)
  eden space 163328K, 100% used [0x000000076e000000,0x0000000777f80000,0x0000000777f80000)
  from space 12288K, 0% used [0x0000000778e00000,0x0000000778e00000,0x0000000779a00000)
  to   space 14848K, 0% used [0x0000000777f80000,0x0000000777f80000,0x0000000778e00000)
 ParOldGen       total 150016K, used 18139K [0x00000006ca000000, 0x00000006d3280000, 0x000000076e000000)
  object space 150016K, 12% used [0x00000006ca000000,0x00000006cb1b6e90,0x00000006d3280000)
 Metaspace       used 43533K, capacity 46616K, committed 46640K, reserved 1089536K
  class space    used 5830K, capacity 6424K, committed 6448K, reserved 1048576K
Event: 6.363 GC heap after
Heap after GC invocations=9 (full 2):
 PSYoungGen      total 178176K, used 13187K [0x000000076e000000, 0x000000077e680000, 0x00000007c0000000)
  eden space 163328K, 0% used [0x000000076e000000,0x000000076e000000,0x0000000777f80000)
  from space 14848K, 88% used [0x0000000777f80000,0x0000000778c60f40,0x0000000778e00000)
  to   space 15872K, 0% used [0x000000077d700000,0x000000077d700000,0x000000077e680000)
 ParOldGen       total 150016K, used 18211K [0x00000006ca000000, 0x00000006d3280000, 0x000000076e000000)
  object space 150016K, 12% used [0x00000006ca000000,0x00000006cb1c8ea0,0x00000006d3280000)
 Metaspace       used 43533K, capacity 46616K, committed 46640K, reserved 1089536K
  class space    used 5830K, capacity 6424K, committed 6448K, reserved 1048576K
}
Event: 19.895 GC heap before
{Heap before GC invocations=10 (full 2):
 PSYoungGen      total 178176K, used 167044K [0x000000076e000000, 0x000000077e680000, 0x00000007c0000000)
  eden space 163328K, 94% used [0x000000076e000000,0x0000000777640150,0x0000000777f80000)
  from space 14848K, 88% used [0x0000000777f80000,0x0000000778c60f40,0x0000000778e00000)
  to   space 15872K, 0% used [0x000000077d700000,0x000000077d700000,0x000000077e680000)
 ParOldGen       total 150016K, used 18211K [0x00000006ca000000, 0x00000006d3280000, 0x000000076e000000)
  object space 150016K, 12% used [0x00000006ca000000,0x00000006cb1c8ea0,0x00000006d3280000)
 Metaspace       used 54989K, capacity 59040K, committed 59160K, reserved 1099776K
  class space    used 7230K, capacity 7983K, committed 7984K, reserved 1048576K
Event: 19.907 GC heap after
Heap after GC invocations=10 (full 2):
 PSYoungGen      total 242688K, used 15855K [0x000000076e000000, 0x000000077e680000, 0x00000007c0000000)
  eden space 226816K, 0% used [0x000000076e000000,0x000000076e000000,0x000000077bd80000)
  from space 15872K, 99% used [0x000000077d700000,0x000000077e67bf20,0x000000077e680000)
  to   space 19456K, 0% used [0x000000077c080000,0x000000077c080000,0x000000077d380000)
 ParOldGen       total 150016K, used 21805K [0x00000006ca000000, 0x00000006d3280000, 0x000000076e000000)
  object space 150016K, 14% used [0x00000006ca000000,0x00000006cb54b730,0x00000006d3280000)
 Metaspace       used 54989K, capacity 59040K, committed 59160K, reserved 1099776K
  class space    used 7230K, capacity 7983K, committed 7984K, reserved 1048576K
}
Event: 19.907 GC heap before
{Heap before GC invocations=11 (full 3):
 PSYoungGen      total 242688K, used 15855K [0x000000076e000000, 0x000000077e680000, 0x00000007c0000000)
  eden space 226816K, 0% used [0x000000076e000000,0x000000076e000000,0x000000077bd80000)
  from space 15872K, 99% used [0x000000077d700000,0x000000077e67bf20,0x000000077e680000)
  to   space 19456K, 0% used [0x000000077c080000,0x000000077c080000,0x000000077d380000)
 ParOldGen       total 150016K, used 21805K [0x00000006ca000000, 0x00000006d3280000, 0x000000076e000000)
  object space 150016K, 14% used [0x00000006ca000000,0x00000006cb54b730,0x00000006d3280000)
 Metaspace       used 54989K, capacity 59040K, committed 59160K, reserved 1099776K
  class space    used 7230K, capacity 7983K, committed 7984K, reserved 1048576K
Event: 20.010 GC heap after
Heap after GC invocations=11 (full 3):
 PSYoungGen      total 242688K, used 0K [0x000000076e000000, 0x000000077e680000, 0x00000007c0000000)
  eden space 226816K, 0% used [0x000000076e000000,0x000000076e000000,0x000000077bd80000)
  from space 15872K, 0% used [0x000000077d700000,0x000000077d700000,0x000000077e680000)
  to   space 19456K, 0% used [0x000000077c080000,0x000000077c080000,0x000000077d380000)
 ParOldGen       total 208896K, used 30543K [0x00000006ca000000, 0x00000006d6c00000, 0x000000076e000000)
  object space 208896K, 14% used [0x00000006ca000000,0x00000006cbdd3d20,0x00000006d6c00000)
 Metaspace       used 54985K, capacity 59034K, committed 59160K, reserved 1099776K
  class space    used 7230K, capacity 7982K, committed 7984K, reserved 1048576K
}

Deoptimization events (0 events):
No events

Internal exceptions (10 events):
Event: 19.677 Thread 0x000000002408e800 Exception <a 'java/lang/ArrayIndexOutOfBoundsException'> (0x0000000775beb9a8) thrown at [C:\re\workspace\8-2-build-windows-amd64-cygwin\jdk8u131\8869\hotspot\src\share\vm\runtime\sharedRuntime.cpp, line 605]
Event: 19.677 Thread 0x000000002408e800 Exception <a 'java/lang/ArrayIndexOutOfBoundsException'> (0x0000000775bed330) thrown at [C:\re\workspace\8-2-build-windows-amd64-cygwin\jdk8u131\8869\hotspot\src\share\vm\runtime\sharedRuntime.cpp, line 605]
Event: 19.683 Thread 0x000000002408e800 Exception <a 'java/lang/ArrayIndexOutOfBoundsException'> (0x0000000775ca68e0) thrown at [C:\re\workspace\8-2-build-windows-amd64-cygwin\jdk8u131\8869\hotspot\src\share\vm\runtime\sharedRuntime.cpp, line 605]
Event: 20.091 Thread 0x000000002408e800 Exception <a 'java/lang/ClassNotFoundException': java/lang/ObjectCustomizer> (0x000000076e9852f8) thrown at [C:\re\workspace\8-2-build-windows-amd64-cygwin\jdk8u131\8869\hotspot\src\share\vm\classfile\systemDictionary.cpp, line 210]
Event: 20.091 Thread 0x000000002408e800 Exception <a 'java/lang/ArrayIndexOutOfBoundsException'> (0x000000076e988640) thrown at [C:\re\workspace\8-2-build-windows-amd64-cygwin\jdk8u131\8869\hotspot\src\share\vm\runtime\sharedRuntime.cpp, line 605]
Event: 20.093 Thread 0x000000002408e800 Exception <a 'java/lang/ClassNotFoundException': com/lzh/usercenter/pojo/vo/SafetyUserCustomizer> (0x000000076e9abad8) thrown at [C:\re\workspace\8-2-build-windows-amd64-cygwin\jdk8u131\8869\hotspot\src\share\vm\classfile\systemDictionary.cpp, line 210]
Event: 20.093 Thread 0x000000002408e800 Exception <a 'java/lang/ArrayIndexOutOfBoundsException'> (0x000000076e9b0bf8) thrown at [C:\re\workspace\8-2-build-windows-amd64-cygwin\jdk8u131\8869\hotspot\src\share\vm\runtime\sharedRuntime.cpp, line 605]
Event: 20.093 Thread 0x000000002408e800 Exception <a 'java/lang/ArrayIndexOutOfBoundsException'> (0x000000076e9b3cd8) thrown at [C:\re\workspace\8-2-build-windows-amd64-cygwin\jdk8u131\8869\hotspot\src\share\vm\runtime\sharedRuntime.cpp, line 605]
Event: 20.094 Thread 0x000000002408e800 Exception <a 'java/lang/ClassNotFoundException': java/lang/ObjectCustomizer> (0x000000076e9e40f8) thrown at [C:\re\workspace\8-2-build-windows-amd64-cygwin\jdk8u131\8869\hotspot\src\share\vm\classfile\systemDictionary.cpp, line 210]
Event: 20.096 Thread 0x000000002408e800 Exception <a 'java/lang/ClassNotFoundException': com/lzh/usercenter/pojo/UserCustomizer> (0x000000076ea055d8) thrown at [C:\re\workspace\8-2-build-windows-amd64-cygwin\jdk8u131\8869\hotspot\src\share\vm\classfile\systemDictionary.cpp, line 210]

Events (10 events):
Event: 20.096 Thread 0x000000002408e800 DEOPT PACKING pc=0x000000000389ebcc sp=0x000000002674c5c0
Event: 20.096 Thread 0x000000002408e800 DEOPT UNPACKING pc=0x000000000367747f sp=0x000000002674c338 mode 1
Event: 20.096 loading class com/lzh/usercenter/pojo/UserCustomizer
Event: 20.096 loading class com/lzh/usercenter/pojo/UserCustomizer done
Event: 20.096 Thread 0x000000002408e800 DEOPT PACKING pc=0x00000000039b5a24 sp=0x000000002674c600
Event: 20.096 Thread 0x000000002408e800 DEOPT UNPACKING pc=0x000000000367747f sp=0x000000002674c358 mode 1
Event: 20.097 Thread 0x000000002408e800 DEOPT PACKING pc=0x0000000003eafe51 sp=0x000000002674c8d0
Event: 20.097 Thread 0x000000002408e800 DEOPT UNPACKING pc=0x000000000367747f sp=0x000000002674c5e0 mode 1
Event: 20.097 Thread 0x000000002408e800 DEOPT PACKING pc=0x0000000003eafe51 sp=0x000000002674c8d0
Event: 20.097 Thread 0x000000002408e800 DEOPT UNPACKING pc=0x000000000367747f sp=0x000000002674c5e0 mode 1


Dynamic libraries:
0x00007ff7fc560000 - 0x00007ff7fc597000 	D:\jdk8\jdk8u\bin\java.exe
0x00007ffe3b890000 - 0x00007ffe3baa4000 	C:\WINDOWS\SYSTEM32\ntdll.dll
0x00007ffe3a420000 - 0x00007ffe3a4e2000 	C:\WINDOWS\System32\KERNEL32.DLL
0x00007ffe39300000 - 0x00007ffe3969c000 	C:\WINDOWS\System32\KERNELBASE.dll
0x00007ffe3a2e0000 - 0x00007ffe3a38e000 	C:\WINDOWS\System32\ADVAPI32.dll
0x00007ffe3ae90000 - 0x00007ffe3af37000 	C:\WINDOWS\System32\msvcrt.dll
0x00007ffe3a120000 - 0x00007ffe3a1c4000 	C:\WINDOWS\System32\sechost.dll
0x00007ffe39d00000 - 0x00007ffe39e15000 	C:\WINDOWS\System32\RPCRT4.dll
0x00007ffe3a750000 - 0x00007ffe3a8fb000 	C:\WINDOWS\System32\USER32.dll
0x00007ffe38df0000 - 0x00007ffe38e16000 	C:\WINDOWS\System32\win32u.dll
0x00007ffe3a390000 - 0x00007ffe3a3b9000 	C:\WINDOWS\System32\GDI32.dll
0x00007ffe38e20000 - 0x00007ffe38f32000 	C:\WINDOWS\System32\gdi32full.dll
0x00007ffe39260000 - 0x00007ffe392fa000 	C:\WINDOWS\System32\msvcp_win.dll
0x00007ffe38cd0000 - 0x00007ffe38de1000 	C:\WINDOWS\System32\ucrtbase.dll
0x00007ffe20ff0000 - 0x00007ffe2127e000 	C:\WINDOWS\WinSxS\amd64_microsoft.windows.common-controls_6595b64144ccf1df_6.0.22621.317_none_a9434687c10c9fa2\COMCTL32.dll
0x00007ffe3a710000 - 0x00007ffe3a741000 	C:\WINDOWS\System32\IMM32.DLL
0x000000005f600000 - 0x000000005f6d2000 	D:\jdk8\jdk8u\jre\bin\msvcr100.dll
0x000000005ed60000 - 0x000000005f5fc000 	D:\jdk8\jdk8u\jre\bin\server\jvm.dll
0x00007ffe3a2d0000 - 0x00007ffe3a2d8000 	C:\WINDOWS\System32\PSAPI.DLL
0x00007ffe334c0000 - 0x00007ffe334c9000 	C:\WINDOWS\SYSTEM32\WSOCK32.dll
0x00007ffe30540000 - 0x00007ffe3054a000 	C:\WINDOWS\SYSTEM32\VERSION.dll
0x00007ffe31d00000 - 0x00007ffe31d34000 	C:\WINDOWS\SYSTEM32\WINMM.dll
0x00007ffe39710000 - 0x00007ffe39781000 	C:\WINDOWS\System32\WS2_32.dll
0x000000005ed50000 - 0x000000005ed5f000 	D:\jdk8\jdk8u\jre\bin\verify.dll
0x000000005ed20000 - 0x000000005ed49000 	D:\jdk8\jdk8u\jre\bin\java.dll
0x000000005ec60000 - 0x000000005ec95000 	D:\jdk8\jdk8u\jre\bin\jdwp.dll
0x000000005ec50000 - 0x000000005ec58000 	D:\jdk8\jdk8u\jre\bin\npt.dll
0x000000005ec20000 - 0x000000005ec43000 	D:\jdk8\jdk8u\jre\bin\instrument.dll
0x000000005ed00000 - 0x000000005ed16000 	D:\jdk8\jdk8u\jre\bin\zip.dll
0x00007ffe3b070000 - 0x00007ffe3b84b000 	C:\WINDOWS\System32\SHELL32.dll
0x00007ffe36d40000 - 0x00007ffe375f5000 	C:\WINDOWS\SYSTEM32\windows.storage.dll
0x00007ffe39970000 - 0x00007ffe39cf9000 	C:\WINDOWS\System32\combase.dll
0x00007ffe36c00000 - 0x00007ffe36d3d000 	C:\WINDOWS\SYSTEM32\wintypes.dll
0x00007ffe3a1d0000 - 0x00007ffe3a2c1000 	C:\WINDOWS\System32\SHCORE.dll
0x00007ffe3a9b0000 - 0x00007ffe3aa0e000 	C:\WINDOWS\System32\shlwapi.dll
0x00007ffe38c00000 - 0x00007ffe38c21000 	C:\WINDOWS\SYSTEM32\profapi.dll
0x000000005ec10000 - 0x000000005ec19000 	D:\jdk8\jdk8u\jre\bin\dt_socket.dll
0x00007ffe382a0000 - 0x00007ffe38309000 	C:\WINDOWS\system32\mswsock.dll
0x000000005ece0000 - 0x000000005ecfa000 	D:\jdk8\jdk8u\jre\bin\net.dll
0x00007ffe37930000 - 0x00007ffe37a22000 	C:\WINDOWS\SYSTEM32\DNSAPI.dll
0x00007ffe378c0000 - 0x00007ffe378ed000 	C:\WINDOWS\SYSTEM32\IPHLPAPI.DLL
0x00007ffe39790000 - 0x00007ffe39799000 	C:\WINDOWS\System32\NSI.dll
0x00007ffe30510000 - 0x00007ffe3051a000 	C:\Windows\System32\rasadhlp.dll
0x00007ffe31570000 - 0x00007ffe315f3000 	C:\WINDOWS\System32\fwpuclnt.dll
0x000000005ec00000 - 0x000000005ec0d000 	D:\jdk8\jdk8u\jre\bin\management.dll
0x000000005ecc0000 - 0x000000005ecd1000 	D:\jdk8\jdk8u\jre\bin\nio.dll
0x00007ffe384f0000 - 0x00007ffe3850b000 	C:\WINDOWS\SYSTEM32\CRYPTSP.dll
0x00007ffe37db0000 - 0x00007ffe37de5000 	C:\WINDOWS\system32\rsaenh.dll
0x00007ffe38390000 - 0x00007ffe383b8000 	C:\WINDOWS\SYSTEM32\USERENV.dll
0x00007ffe386a0000 - 0x00007ffe386c8000 	C:\WINDOWS\SYSTEM32\bcrypt.dll
0x00007ffe38fb0000 - 0x00007ffe3902b000 	C:\WINDOWS\System32\bcryptprimitives.dll
0x00007ffe384e0000 - 0x00007ffe384ec000 	C:\WINDOWS\SYSTEM32\CRYPTBASE.dll
0x00007ffe322f0000 - 0x00007ffe32309000 	C:\WINDOWS\SYSTEM32\dhcpcsvc6.DLL
0x00007ffe322d0000 - 0x00007ffe322ef000 	C:\WINDOWS\SYSTEM32\dhcpcsvc.DLL
0x00007ffe1c360000 - 0x00007ffe1c377000 	C:\WINDOWS\system32\napinsp.dll
0x00007ffe1c280000 - 0x00007ffe1c29b000 	C:\WINDOWS\system32\pnrpnsp.dll
0x00007ffe1f8b0000 - 0x00007ffe1f8c1000 	C:\WINDOWS\System32\winrnr.dll
0x00007ffe31620000 - 0x00007ffe31635000 	C:\WINDOWS\system32\wshbth.dll
0x00007ffe1f850000 - 0x00007ffe1f871000 	C:\WINDOWS\system32\nlansp_c.dll
0x000000005ebd0000 - 0x000000005ebf4000 	D:\jdk8\jdk8u\jre\bin\sunec.dll
0x000000005ebc0000 - 0x000000005ebcb000 	D:\jdk8\jdk8u\jre\bin\sunmscapi.dll
0x00007ffe39030000 - 0x00007ffe39196000 	C:\WINDOWS\System32\CRYPT32.dll
0x00007ffe1dc80000 - 0x00007ffe1deae000 	C:\WINDOWS\SYSTEM32\dbghelp.dll
0x00007ffe39e20000 - 0x00007ffe39ef7000 	C:\WINDOWS\System32\OLEAUT32.dll

VM Arguments:
jvm_args: -agentlib:jdwp=transport=dt_socket,address=127.0.0.1:52889,suspend=y,server=n -XX:TieredStopAtLevel=1 -Xverify:none -Dspring.output.ansi.enabled=always -javaagent:C:\Users\Lenovo\AppData\Local\JetBrains\IntelliJIdea2021.1\captureAgent\debugger-agent.jar=file:/C:/Users/Lenovo/AppData/Local/Temp/capture.props -Dcom.sun.management.jmxremote -Dspring.jmx.enabled=true -Dspring.liveBeansView.mbeanDomain -Dspring.application.admin.enabled=true -Dfile.encoding=UTF-8 
java_command: com.lzh.usercenter.UserCenterApplication
java_class_path (initial): D:\jdk8\jdk8u\jre\lib\charsets.jar;D:\jdk8\jdk8u\jre\lib\deploy.jar;D:\jdk8\jdk8u\jre\lib\ext\access-bridge-64.jar;D:\jdk8\jdk8u\jre\lib\ext\cldrdata.jar;D:\jdk8\jdk8u\jre\lib\ext\dnsns.jar;D:\jdk8\jdk8u\jre\lib\ext\jaccess.jar;D:\jdk8\jdk8u\jre\lib\ext\jfxrt.jar;D:\jdk8\jdk8u\jre\lib\ext\localedata.jar;D:\jdk8\jdk8u\jre\lib\ext\nashorn.jar;D:\jdk8\jdk8u\jre\lib\ext\sunec.jar;D:\jdk8\jdk8u\jre\lib\ext\sunjce_provider.jar;D:\jdk8\jdk8u\jre\lib\ext\sunmscapi.jar;D:\jdk8\jdk8u\jre\lib\ext\sunpkcs11.jar;D:\jdk8\jdk8u\jre\lib\ext\zipfs.jar;D:\jdk8\jdk8u\jre\lib\javaws.jar;D:\jdk8\jdk8u\jre\lib\jce.jar;D:\jdk8\jdk8u\jre\lib\jfr.jar;D:\jdk8\jdk8u\jre\lib\jfxswt.jar;D:\jdk8\jdk8u\jre\lib\jsse.jar;D:\jdk8\jdk8u\jre\lib\management-agent.jar;D:\jdk8\jdk8u\jre\lib\plugin.jar;D:\jdk8\jdk8u\jre\lib\resources.jar;D:\jdk8\jdk8u\jre\lib\rt.jar;E:\code\plantProject\user-center\target\classes;D:\Maven\apache-maven-3.3.9\repository\org\springframework\boot\spring-boot-starter-web\2.7.4\spring-boot-starter-web-2.7.4.jar;D:\Maven\apache-maven-3.3.9\repository\org\springframework\boot\spring-boot-starter\2.7.4\spring-boot-starter-2.7.4.jar;D:\Maven\apache-maven-3.3.9\repository\org\springframework\boot\spring-boot-starter-logging\2.7.4\spring-boot-starter-logging-2.7.4.jar;D:\Maven\apache-maven-3.3.9\repository\ch\qos\logback\logback-classic\1.2.11\logback-classic-1.2.11.jar;D:\Maven\apache-maven-3.3.9\repository\ch\qos\logback\logback-core\1.2.11\logback-core-1.2.11.jar;D:\Maven\apache-maven-3.3.9\repository\org\apache\logging\log4j\log4j-to-slf4j\2.17.2\log4j-to-slf4j-2.17.2.jar;D:\Maven\apache-maven-3.3.9\repository\org\apache\logging\log4j\log4j-api\2.17.2\log4j-api-2.17.2.jar;D:\Maven\apache-maven-3.3.9\repository\org\slf4j\jul-to-slf4j\1.7.36\jul-to-slf4j-1.7.36.jar;D:\Maven\apache-maven-3.3.9\repository\jakarta\annotation\jakarta.annotation-api\1.3.5\jakarta.annotation-api-1.3.5.jar;D:\Maven\apache-maven-3.3.9\repository\org\yaml\snakeyaml\1.30\snakeyam
Launcher Type: SUN_STANDARD

Environment Variables:
JAVA_HOME=D:\jdk8\jdk8u
PATH=C:\ProgramData\Oracle\Java\javapath;D:\Software\bin\;C:\Program Files\Common Files\Oracle\Java\javapath;C:\Windows\system32;C:\Windows;C:\Windows\System32\Wbem;C:\Windows\System32\WindowsPowerShell\v1.0\;C:\Windows\System32\OpenSSH\;C:\Program Files (x86)\NVIDIA Corporation\PhysX\Common;C:\WINDOWS\system32;C:\WINDOWS;C:\WINDOWS\System32\Wbem;C:\WINDOWS\System32\WindowsPowerShell\v1.0\;C:\WINDOWS\System32\OpenSSH\;D:\jdk8\jdk8u\bin;D:\jdk8\jdk8u\jre\bin;D:\phpstudy_pro\Extensions\php\php7.3.4nts;D:\Software\nodejs;D:\Software\nodejs\node_global;D:\Program Files (x86)\IncrediBuild;D:\Software\mysql-8.0.26-winx64\bin;D:\Software\mysql-8.0.26-winx64;D:\Software\mysql-8.0.26-winx64\bin;D:\Software\mongodb\bin;D:\Software\Git\cmd;D:\Software\微信web开发者工具\dll;D:\Maven\apache-maven-3.3.9\bin;D:\Software\Xshell7\;C:\Users\Lenovo\AppData\Local\Microsoft\WindowsApps;;D:\Software\Microsoft VS Code\bin
USERNAME=Lenovo
OS=Windows_NT
PROCESSOR_IDENTIFIER=AMD64 Family 23 Model 96 Stepping 1, AuthenticAMD



---------------  S Y S T E M  ---------------

OS: Windows 10.0 , 64 bit Build 22621 (10.0.22621.457)

CPU:total 12 (initial active 12) (12 cores per cpu, 1 threads per core) family 23 model 96 stepping 1, cmov, cx8, fxsr, mmx, sse, sse2, sse3, ssse3, sse4.1, sse4.2, popcnt, avx, avx2, aes, clmul, mmxext, 3dnowpref, lzcnt, sse4a, tsc, tscinvbit, tscinv, bmi1

Memory: 4k page, physical 16119108k(2231028k free), swap 21013312k(1493472k free)

vm_info: Java HotSpot(TM) 64-Bit Server VM (25.131-b11) for windows-amd64 JRE (1.8.0_131-b11), built on Mar 15 2017 01:23:53 by "java_re" with MS VC++ 10.0 (VS2010)

time: Tue Oct 11 07:56:25 2022
elapsed time: 20 seconds (0d 0h 0m 20s)

