#
# A fatal error has been detected by the Java Runtime Environment:
#
#  EXCEPTION_ACCESS_VIOLATION (0xc0000005) at pc=0x000000005ef1e2ef, pid=28716, tid=0x000000000000506c
#
# JRE version: Java(TM) SE Runtime Environment (8.0_131-b11) (build 1.8.0_131-b11)
# Java VM: Java HotSpot(TM) 64-Bit Server VM (25.131-b11 mixed mode windows-amd64 compressed oops)
# Problematic frame:
# V  [jvm.dll+0x1de2ef]
#
# Failed to write core dump. Minidumps are not enabled by default on client versions of Windows
#
# If you would like to submit a bug report, please visit:
#   http://bugreport.java.com/bugreport/crash.jsp
#

---------------  T H R E A D  ---------------

Current thread (0x0000000021113800):  JavaThread "http-nio-8080-exec-2" daemon [_thread_in_vm, id=20588, stack(0x0000000026110000,0x0000000026210000)]

siginfo: ExceptionCode=0xc0000005, reading address 0x000000000000000c

Registers:
RAX=0x0000000000000000, RBX=0x0000000021113800, RCX=0x0000000000000380, RDX=0x000000002620cbd0
RSP=0x000000002620cb80, RBP=0x0000000000000000, RSI=0x00000000211139f8, RDI=0x0000000000000000
R8 =0x0000000000000000, R9 =0x000000000000000c, R10=0x000000000371888f, R11=0x0000000003718858
R12=0x000000000000000c, R13=0x000000002620cc30, R14=0x000000002620cca8, R15=0x0000000021113800
RIP=0x000000005ef1e2ef, EFLAGS=0x0000000000010202

Top of Stack: (sp=0x000000002620cb80)
0x000000002620cb80:   000000076ebac4e8 000000005ee35d71
0x000000002620cb90:   000000002620ccc0 0000000003496d9c
0x000000002620cba0:   0000000000000000 000000000371890d
0x000000002620cbb0:   000000001be2e0c8 000000002620cc10
0x000000002620cbc0:   0000000000200021 00000006cafa9aa8
0x000000002620cbd0:   00000006ca005308 0000000000000000
0x000000002620cbe0:   00000006ca006418 00000000030683fd
0x000000002620cbf0:   000000076ebb0ba0 000000002620cbf8
0x000000002620cc00:   0000000027dc4d21 000000002620cc50
0x000000002620cc10:   000000002620cc90 0000000003068180
0x000000002620cc20:   0000000027dc4d50 0000000003068180
0x000000002620cc30:   000000000000000c 000000002620cca0
0x000000002620cc40:   0000000000000000 00000006ca005308
0x000000002620cc50:   000000002620cc50 0000000027ddc28d
0x000000002620cc60:   000000002620cca8 0000000027ddd100
0x000000002620cc70:   0000000000000000 0000000027ddc2d0 

Instructions: (pc=0x000000005ef1e2ef)
0x000000005ef1e2cf:   00 c7 83 70 02 00 00 06 00 00 00 48 8b c7 48 85
0x000000005ef1e2df:   ed 74 04 48 8b 45 00 40 38 3d c3 f0 62 00 74 1c
0x000000005ef1e2ef:   42 8b 0c 20 85 c9 74 18 8b f9 8b 0d 99 24 5c 00
0x000000005ef1e2ff:   48 d3 e7 48 03 3d 87 24 5c 00 eb 04 4a 8b 3c 20 


Register to memory mapping:

RAX=0x0000000000000000 is an unknown value
RBX=0x0000000021113800 is a thread
RCX=0x0000000000000380 is an unknown value
RDX=0x000000002620cbd0 is pointing into the stack for thread: 0x0000000021113800
RSP=0x000000002620cb80 is pointing into the stack for thread: 0x0000000021113800
RBP=0x0000000000000000 is an unknown value
RSI=0x00000000211139f8 is an unknown value
RDI=0x0000000000000000 is an unknown value
R8 =0x0000000000000000 is an unknown value
R9 =0x000000000000000c is an unknown value
R10=0x000000000371888f is at entry_point+79 in (nmethod*)0x00000000037186d0
R11=0x0000000003718858 is at entry_point+24 in (nmethod*)0x00000000037186d0
R12=0x000000000000000c is an unknown value
R13=0x000000002620cc30 is pointing into the stack for thread: 0x0000000021113800
R14=0x000000002620cca8 is pointing into the stack for thread: 0x0000000021113800
R15=0x0000000021113800 is a thread


Stack: [0x0000000026110000,0x0000000026210000],  sp=0x000000002620cb80,  free space=1010k
Native frames: (J=compiled Java code, j=interpreted, Vv=VM code, C=native code)

Java frames: (J=compiled Java code, j=interpreted, Vv=VM code)
J 3257  sun.misc.Unsafe.getObject(Ljava/lang/Object;J)Ljava/lang/Object; (0 bytes) @ 0x000000000371888f [0x0000000003718840+0x4f]
j  com.alibaba.fastjson2.util.JDKUtils.getCharArray(Ljava/lang/String;)[C+13
j  com.alibaba.fastjson2.JSONReader.of(Ljava/lang/String;)Lcom/alibaba/fastjson2/JSONReader;+96
j  com.alibaba.fastjson.JSON.parseArray(Ljava/lang/String;[Lcom/alibaba/fastjson/parser/Feature;)Lcom/alibaba/fastjson/JSONArray;+1
j  com.lzh.usercenter.service.impl.UserServiceImpl.recommendUsers()Lcom/lzh/usercenter/utils/R;+70
j  com.lzh.usercenter.service.impl.UserServiceImpl$$FastClassBySpringCGLIB$$528e6062.invoke(ILjava/lang/Object;[Ljava/lang/Object;)Ljava/lang/Object;+308
j  org.springframework.cglib.proxy.MethodProxy.invoke(Ljava/lang/Object;[Ljava/lang/Object;)Ljava/lang/Object;+19
j  org.springframework.aop.framework.CglibAopProxy.invokeMethod(Ljava/lang/Object;Ljava/lang/reflect/Method;[Ljava/lang/Object;Lorg/springframework/cglib/proxy/MethodProxy;)Ljava/lang/Object;+3
j  org.springframework.aop.framework.CglibAopProxy.access$000(Ljava/lang/Object;Ljava/lang/reflect/Method;[Ljava/lang/Object;Lorg/springframework/cglib/proxy/MethodProxy;)Ljava/lang/Object;+4
j  org.springframework.aop.framework.CglibAopProxy$DynamicAdvisedInterceptor.intercept(Ljava/lang/Object;Ljava/lang/reflect/Method;[Ljava/lang/Object;Lorg/springframework/cglib/proxy/MethodProxy;)Ljava/lang/Object;+105
j  com.lzh.usercenter.service.impl.UserServiceImpl$$EnhancerBySpringCGLIB$$224e037.recommendUsers()Lcom/lzh/usercenter/utils/R;+31
j  com.lzh.usercenter.controller.UserController.recommendUsers()Lcom/lzh/usercenter/utils/R;+4
v  ~StubRoutines::call_stub
J 2015  sun.reflect.NativeMethodAccessorImpl.invoke0(Ljava/lang/reflect/Method;Ljava/lang/Object;[Ljava/lang/Object;)Ljava/lang/Object; (0 bytes) @ 0x00000000034ab4bf [0x00000000034ab440+0x7f]
J 2014 C1 sun.reflect.NativeMethodAccessorImpl.invoke(Ljava/lang/Object;[Ljava/lang/Object;)Ljava/lang/Object; (104 bytes) @ 0x00000000034abc9c [0x00000000034ab8a0+0x3fc]
J 2100 C1 sun.reflect.DelegatingMethodAccessorImpl.invoke(Ljava/lang/Object;[Ljava/lang/Object;)Ljava/lang/Object; (10 bytes) @ 0x00000000034d0004 [0x00000000034cffa0+0x64]
J 1961 C1 java.lang.reflect.Method.invoke(Ljava/lang/Object;[Ljava/lang/Object;)Ljava/lang/Object; (62 bytes) @ 0x0000000003496d9c [0x0000000003496c60+0x13c]
j  org.springframework.web.method.support.InvocableHandlerMethod.doInvoke([Ljava/lang/Object;)Ljava/lang/Object;+28
j  org.springframework.web.method.support.InvocableHandlerMethod.invokeForRequest(Lorg/springframework/web/context/request/NativeWebRequest;Lorg/springframework/web/method/support/ModelAndViewContainer;[Ljava/lang/Object;)Ljava/lang/Object;+54
j  org.springframework.web.servlet.mvc.method.annotation.ServletInvocableHandlerMethod.invokeAndHandle(Lorg/springframework/web/context/request/ServletWebRequest;Lorg/springframework/web/method/support/ModelAndViewContainer;[Ljava/lang/Object;)V+4
j  org.springframework.web.servlet.mvc.method.annotation.RequestMappingHandlerAdapter.invokeHandlerMethod(Ljavax/servlet/http/HttpServletRequest;Ljavax/servlet/http/HttpServletResponse;Lorg/springframework/web/method/HandlerMethod;)Lorg/springframework/web/servlet/ModelAndView;+244
j  org.springframework.web.servlet.mvc.method.annotation.RequestMappingHandlerAdapter.handleInternal(Ljavax/servlet/http/HttpServletRequest;Ljavax/servlet/http/HttpServletResponse;Lorg/springframework/web/method/HandlerMethod;)Lorg/springframework/web/servlet/ModelAndView;+81
j  org.springframework.web.servlet.mvc.method.AbstractHandlerMethodAdapter.handle(Ljavax/servlet/http/HttpServletRequest;Ljavax/servlet/http/HttpServletResponse;Ljava/lang/Object;)Lorg/springframework/web/servlet/ModelAndView;+7
j  org.springframework.web.servlet.DispatcherServlet.doDispatch(Ljavax/servlet/http/HttpServletRequest;Ljavax/servlet/http/HttpServletResponse;)V+259
j  org.springframework.web.servlet.DispatcherServlet.doService(Ljavax/servlet/http/HttpServletRequest;Ljavax/servlet/http/HttpServletResponse;)V+241
j  org.springframework.web.servlet.FrameworkServlet.processRequest(Ljavax/servlet/http/HttpServletRequest;Ljavax/servlet/http/HttpServletResponse;)V+71
j  org.springframework.web.servlet.FrameworkServlet.doGet(Ljavax/servlet/http/HttpServletRequest;Ljavax/servlet/http/HttpServletResponse;)V+3
j  javax.servlet.http.HttpServlet.service(Ljavax/servlet/http/HttpServletRequest;Ljavax/servlet/http/HttpServletResponse;)V+35
j  org.springframework.web.servlet.FrameworkServlet.service(Ljavax/servlet/http/HttpServletRequest;Ljavax/servlet/http/HttpServletResponse;)V+33
j  javax.servlet.http.HttpServlet.service(Ljavax/servlet/ServletRequest;Ljavax/servlet/ServletResponse;)V+36
j  org.apache.catalina.core.ApplicationFilterChain.internalDoFilter(Ljavax/servlet/ServletRequest;Ljavax/servlet/ServletResponse;)V+304
j  org.apache.catalina.core.ApplicationFilterChain.doFilter(Ljavax/servlet/ServletRequest;Ljavax/servlet/ServletResponse;)V+99
j  org.apache.tomcat.websocket.server.WsFilter.doFilter(Ljavax/servlet/ServletRequest;Ljavax/servlet/ServletResponse;Ljavax/servlet/FilterChain;)V+21
j  org.apache.catalina.core.ApplicationFilterChain.internalDoFilter(Ljavax/servlet/ServletRequest;Ljavax/servlet/ServletResponse;)V+135
j  org.apache.catalina.core.ApplicationFilterChain.doFilter(Ljavax/servlet/ServletRequest;Ljavax/servlet/ServletResponse;)V+99
j  org.springframework.web.filter.RequestContextFilter.doFilterInternal(Ljavax/servlet/http/HttpServletRequest;Ljavax/servlet/http/HttpServletResponse;Ljavax/servlet/FilterChain;)V+21
j  org.springframework.web.filter.OncePerRequestFilter.doFilter(Ljavax/servlet/ServletRequest;Ljavax/servlet/ServletResponse;Ljavax/servlet/FilterChain;)V+147
j  org.apache.catalina.core.ApplicationFilterChain.internalDoFilter(Ljavax/servlet/ServletRequest;Ljavax/servlet/ServletResponse;)V+135
j  org.apache.catalina.core.ApplicationFilterChain.doFilter(Ljavax/servlet/ServletRequest;Ljavax/servlet/ServletResponse;)V+99
j  org.springframework.web.filter.FormContentFilter.doFilterInternal(Ljavax/servlet/http/HttpServletRequest;Ljavax/servlet/http/HttpServletResponse;Ljavax/servlet/FilterChain;)V+38
j  org.springframework.web.filter.OncePerRequestFilter.doFilter(Ljavax/servlet/ServletRequest;Ljavax/servlet/ServletResponse;Ljavax/servlet/FilterChain;)V+147
j  org.apache.catalina.core.ApplicationFilterChain.internalDoFilter(Ljavax/servlet/ServletRequest;Ljavax/servlet/ServletResponse;)V+135
j  org.apache.catalina.core.ApplicationFilterChain.doFilter(Ljavax/servlet/ServletRequest;Ljavax/servlet/ServletResponse;)V+99
j  org.springframework.session.web.http.SessionRepositoryFilter.doFilterInternal(Ljavax/servlet/http/HttpServletRequest;Ljavax/servlet/http/HttpServletResponse;Ljavax/servlet/FilterChain;)V+44
j  org.springframework.session.web.http.OncePerRequestFilter.doFilter(Ljavax/servlet/ServletRequest;Ljavax/servlet/ServletResponse;Ljavax/servlet/FilterChain;)V+118
j  org.apache.catalina.core.ApplicationFilterChain.internalDoFilter(Ljavax/servlet/ServletRequest;Ljavax/servlet/ServletResponse;)V+135
j  org.apache.catalina.core.ApplicationFilterChain.doFilter(Ljavax/servlet/ServletRequest;Ljavax/servlet/ServletResponse;)V+99
j  org.springframework.web.filter.CharacterEncodingFilter.doFilterInternal(Ljavax/servlet/http/HttpServletRequest;Ljavax/servlet/http/HttpServletResponse;Ljavax/servlet/FilterChain;)V+53
j  org.springframework.web.filter.OncePerRequestFilter.doFilter(Ljavax/servlet/ServletRequest;Ljavax/servlet/ServletResponse;Ljavax/servlet/FilterChain;)V+147
j  org.apache.catalina.core.ApplicationFilterChain.internalDoFilter(Ljavax/servlet/ServletRequest;Ljavax/servlet/ServletResponse;)V+135
j  org.apache.catalina.core.ApplicationFilterChain.doFilter(Ljavax/servlet/ServletRequest;Ljavax/servlet/ServletResponse;)V+99
j  org.apache.catalina.core.StandardWrapperValve.invoke(Lorg/apache/catalina/connector/Request;Lorg/apache/catalina/connector/Response;)V+694
j  org.apache.catalina.core.StandardContextValve.invoke(Lorg/apache/catalina/connector/Request;Lorg/apache/catalina/connector/Response;)V+169
j  org.apache.catalina.authenticator.AuthenticatorBase.invoke(Lorg/apache/catalina/connector/Request;Lorg/apache/catalina/connector/Response;)V+260
j  org.apache.catalina.core.StandardHostValve.invoke(Lorg/apache/catalina/connector/Request;Lorg/apache/catalina/connector/Response;)V+128
j  org.apache.catalina.valves.ErrorReportValve.invoke(Lorg/apache/catalina/connector/Request;Lorg/apache/catalina/connector/Response;)V+6
j  org.apache.catalina.core.StandardEngineValve.invoke(Lorg/apache/catalina/connector/Request;Lorg/apache/catalina/connector/Response;)V+59
j  org.apache.catalina.connector.CoyoteAdapter.service(Lorg/apache/coyote/Request;Lorg/apache/coyote/Response;)V+203
j  org.apache.coyote.http11.Http11Processor.service(Lorg/apache/tomcat/util/net/SocketWrapperBase;)Lorg/apache/tomcat/util/net/AbstractEndpoint$Handler$SocketState;+796
j  org.apache.coyote.AbstractProcessorLight.process(Lorg/apache/tomcat/util/net/SocketWrapperBase;Lorg/apache/tomcat/util/net/SocketEvent;)Lorg/apache/tomcat/util/net/AbstractEndpoint$Handler$SocketState;+170
j  org.apache.coyote.AbstractProtocol$ConnectionHandler.process(Lorg/apache/tomcat/util/net/SocketWrapperBase;Lorg/apache/tomcat/util/net/SocketEvent;)Lorg/apache/tomcat/util/net/AbstractEndpoint$Handler$SocketState;+489
j  org.apache.tomcat.util.net.NioEndpoint$SocketProcessor.doRun()V+249
j  org.apache.tomcat.util.net.SocketProcessorBase.run()V+21
j  org.apache.tomcat.util.threads.ThreadPoolExecutor.runWorker(Lorg/apache/tomcat/util/threads/ThreadPoolExecutor$Worker;)V+92
j  org.apache.tomcat.util.threads.ThreadPoolExecutor$Worker.run()V+5
j  org.apache.tomcat.util.threads.TaskThread$WrappingRunnable.run()V+4
j  java.lang.Thread.run()V+11
v  ~StubRoutines::call_stub

---------------  P R O C E S S  ---------------

Java Threads: ( => current thread )
  0x0000000023ca4000 JavaThread "HikariPool-1 connection adder" daemon [_thread_blocked, id=24320, stack(0x0000000027c20000,0x0000000027d20000)]
  0x0000000023ca1000 JavaThread "HikariPool-1 housekeeper" daemon [_thread_blocked, id=25496, stack(0x0000000027b20000,0x0000000027c20000)]
  0x000000002111c000 JavaThread "lettuce-eventExecutorLoop-1-4" daemon [_thread_blocked, id=9832, stack(0x0000000027820000,0x0000000027920000)]
  0x000000002111f800 JavaThread "RMI TCP Connection(idle)" daemon [_thread_blocked, id=14624, stack(0x0000000021b30000,0x0000000021c30000)]
  0x000000002111b000 JavaThread "RMI TCP Connection(idle)" daemon [_thread_blocked, id=5840, stack(0x0000000021a30000,0x0000000021b30000)]
  0x000000002111f000 JavaThread "DestroyJavaVM" [_thread_blocked, id=27228, stack(0x0000000002c50000,0x0000000002d50000)]
  0x000000002111d800 JavaThread "pool-2-thread-1" [_thread_blocked, id=9016, stack(0x0000000027520000,0x0000000027620000)]
  0x000000002111a800 JavaThread "lettuce-eventExecutorLoop-1-3" daemon [_thread_blocked, id=22964, stack(0x0000000027420000,0x0000000027520000)]
  0x000000002111e000 JavaThread "lettuce-eventExecutorLoop-1-2" daemon [_thread_blocked, id=11456, stack(0x0000000027320000,0x0000000027420000)]
  0x000000002111c800 JavaThread "lettuce-nioEventLoop-4-2" daemon [_thread_in_native, id=25812, stack(0x0000000026e10000,0x0000000026f10000)]
  0x0000000021119800 JavaThread "http-nio-8080-Acceptor" daemon [_thread_in_native, id=10220, stack(0x0000000026b10000,0x0000000026c10000)]
  0x0000000021119000 JavaThread "http-nio-8080-Poller" daemon [_thread_in_native, id=12300, stack(0x0000000026a10000,0x0000000026b10000)]
  0x0000000021111000 JavaThread "http-nio-8080-exec-10" daemon [_thread_blocked, id=28088, stack(0x0000000026910000,0x0000000026a10000)]
  0x0000000021118000 JavaThread "http-nio-8080-exec-9" daemon [_thread_blocked, id=24936, stack(0x0000000026810000,0x0000000026910000)]
  0x0000000021116800 JavaThread "http-nio-8080-exec-8" daemon [_thread_blocked, id=2060, stack(0x0000000026710000,0x0000000026810000)]
  0x0000000021116000 JavaThread "http-nio-8080-exec-7" daemon [_thread_blocked, id=28384, stack(0x0000000026610000,0x0000000026710000)]
  0x0000000021115000 JavaThread "http-nio-8080-exec-6" daemon [_thread_blocked, id=29656, stack(0x0000000026510000,0x0000000026610000)]
  0x0000000021114800 JavaThread "http-nio-8080-exec-5" daemon [_thread_blocked, id=20724, stack(0x0000000026410000,0x0000000026510000)]
  0x0000000021112800 JavaThread "http-nio-8080-exec-4" daemon [_thread_blocked, id=29496, stack(0x0000000026310000,0x0000000026410000)]
  0x0000000021112000 JavaThread "http-nio-8080-exec-3" daemon [_thread_blocked, id=14364, stack(0x0000000026210000,0x0000000026310000)]
=>0x0000000021113800 JavaThread "http-nio-8080-exec-2" daemon [_thread_in_vm, id=20588, stack(0x0000000026110000,0x0000000026210000)]
  0x0000000021110800 JavaThread "http-nio-8080-exec-1" daemon [_thread_blocked, id=22704, stack(0x0000000026010000,0x0000000026110000)]
  0x0000000021117800 JavaThread "File Watcher" daemon [_thread_blocked, id=9488, stack(0x0000000025f10000,0x0000000026010000)]
  0x0000000020d2e000 JavaThread "lettuce-eventExecutorLoop-1-1" daemon [_thread_blocked, id=9424, stack(0x0000000025e10000,0x0000000025f10000)]
  0x0000000020d2d000 JavaThread "lettuce-nioEventLoop-4-1" daemon [_thread_in_native, id=26372, stack(0x0000000024f00000,0x0000000025000000)]
  0x0000000020d2c800 JavaThread "Live Reload Server" daemon [_thread_in_native, id=22744, stack(0x0000000025400000,0x0000000025500000)]
  0x0000000020d2b000 JavaThread "RMI TCP Connection(6)-192.168.10.1" daemon [_thread_in_native, id=11688, stack(0x0000000024e00000,0x0000000024f00000)]
  0x0000000020d2b800 JavaThread "mysql-cj-abandoned-connection-cleanup" daemon [_thread_blocked, id=29444, stack(0x0000000024a00000,0x0000000024b00000)]
  0x0000000020d2e800 JavaThread "container-0" [_thread_blocked, id=13832, stack(0x0000000024700000,0x0000000024800000)]
  0x0000000021a2e000 JavaThread "Catalina-utility-2" [_thread_blocked, id=6440, stack(0x0000000024600000,0x0000000024700000)]
  0x0000000021a2d000 JavaThread "Catalina-utility-1" [_thread_blocked, id=9664, stack(0x0000000024500000,0x0000000024600000)]
  0x0000000023491000 JavaThread "lettuce-timer-3-1" daemon [_thread_blocked, id=4384, stack(0x0000000022230000,0x0000000022330000)]
  0x0000000020bb5800 JavaThread "RMI Scheduler(0)" daemon [_thread_blocked, id=25944, stack(0x0000000021f30000,0x0000000022030000)]
  0x0000000020b7c800 JavaThread "RMI TCP Connection(2)-192.168.10.1" daemon [_thread_in_native, id=9948, stack(0x0000000021e30000,0x0000000021f30000)]
  0x000000001fd7b000 JavaThread "RMI TCP Accept-0" daemon [_thread_in_native, id=27752, stack(0x0000000020460000,0x0000000020560000)]
  0x000000001fa77800 JavaThread "Service Thread" daemon [_thread_blocked, id=16260, stack(0x0000000020360000,0x0000000020460000)]
  0x000000001fa68000 JavaThread "C1 CompilerThread3" daemon [_thread_blocked, id=21940, stack(0x0000000020260000,0x0000000020360000)]
  0x000000001fa17000 JavaThread "C2 CompilerThread2" daemon [_thread_blocked, id=27896, stack(0x0000000020160000,0x0000000020260000)]
  0x000000001fa16800 JavaThread "C2 CompilerThread1" daemon [_thread_blocked, id=4176, stack(0x0000000020060000,0x0000000020160000)]
  0x000000001fa15800 JavaThread "C2 CompilerThread0" daemon [_thread_blocked, id=26772, stack(0x000000001ff60000,0x0000000020060000)]
  0x000000001df1f800 JavaThread "JDWP Command Reader" daemon [_thread_in_native, id=29188, stack(0x000000001f660000,0x000000001f760000)]
  0x000000001df1b000 JavaThread "JDWP Event Helper Thread" daemon [_thread_blocked, id=23012, stack(0x000000001f560000,0x000000001f660000)]
  0x000000001df0b000 JavaThread "JDWP Transport Listener: dt_socket" daemon [_thread_blocked, id=5296, stack(0x000000001f460000,0x000000001f560000)]
  0x000000001def9800 JavaThread "Attach Listener" daemon [_thread_blocked, id=26476, stack(0x000000001f360000,0x000000001f460000)]
  0x000000001dea3800 JavaThread "Signal Dispatcher" daemon [_thread_blocked, id=25024, stack(0x000000001f260000,0x000000001f360000)]
  0x000000001c7a7800 JavaThread "Finalizer" daemon [_thread_blocked, id=24128, stack(0x000000001f0f0000,0x000000001f1f0000)]
  0x000000001c7a0800 JavaThread "Reference Handler" daemon [_thread_blocked, id=28636, stack(0x000000001eff0000,0x000000001f0f0000)]

Other Threads:
  0x000000001de62000 VMThread [stack: 0x000000001eef0000,0x000000001eff0000] [id=4232]
  0x000000001fd8d800 WatcherThread [stack: 0x0000000020560000,0x0000000020660000] [id=7916]

VM state:not at safepoint (normal execution)

VM Mutex/Monitor currently owned by a thread: None

Heap:
 PSYoungGen      total 237056K, used 12213K [0x000000076e000000, 0x0000000784500000, 0x00000007c0000000)
  eden space 217600K, 5% used [0x000000076e000000,0x000000076ebed5c8,0x000000077b480000)
  from space 19456K, 0% used [0x000000077b480000,0x000000077b480000,0x000000077c780000)
  to   space 18944K, 0% used [0x0000000783280000,0x0000000783280000,0x0000000784500000)
 ParOldGen       total 170496K, used 24287K [0x00000006ca000000, 0x00000006d4680000, 0x000000076e000000)
  object space 170496K, 14% used [0x00000006ca000000,0x00000006cb7b7d08,0x00000006d4680000)
 Metaspace       used 56178K, capacity 60290K, committed 60464K, reserved 1101824K
  class space    used 7367K, capacity 8152K, committed 8240K, reserved 1048576K

Card table byte_map: [0x0000000012420000,0x0000000012be0000] byte_map_base: 0x000000000edd0000

Marking Bits: (ParMarkBitMap*) 0x000000005f55c720
 Begin Bits: [0x0000000013b00000, 0x0000000017880000)
 End Bits:   [0x0000000017880000, 0x000000001b600000)

Polling page: 0x0000000002780000

CodeCache: size=245760Kb used=9667Kb max_used=9667Kb free=236092Kb
 bounds [0x0000000003060000, 0x00000000039e0000, 0x0000000012060000]
 total_blobs=5444 nmethods=4866 adapters=498
 compilation: enabled

Compilation events (10 events):
Event: 14.096 Thread 0x000000001fa68000 4933       1       org.springframework.core.MethodParameter::<init> (8 bytes)
Event: 14.096 Thread 0x000000001fa68000 nmethod 4933 0x00000000039cfad0 code [0x00000000039cfc60, 0x00000000039d0008]
Event: 14.096 Thread 0x000000001fa68000 4934       1       org.springframework.core.MethodParameter::<init> (30 bytes)
Event: 14.097 Thread 0x000000001fa68000 nmethod 4934 0x00000000039d0550 code [0x00000000039d06e0, 0x00000000039d0a88]
Event: 14.097 Thread 0x000000001fa68000 4935       1       org.springframework.core.ResolvableType::isUnresolvableTypeVariable (53 bytes)
Event: 14.097 Thread 0x000000001fa68000 nmethod 4935 0x0000000003449d90 code [0x0000000003449f00, 0x000000000344a178]
Event: 14.097 Thread 0x000000001fa68000 4936   !   1       org.springframework.core.ResolvableType::hasUnresolvableGenerics (136 bytes)
Event: 14.097 Thread 0x000000001fa68000 nmethod 4936 0x00000000039d0f10 code [0x00000000039d1100, 0x00000000039d1678]
Event: 14.097 Thread 0x000000001fa68000 4931       1       org.apache.catalina.LifecycleState::isAvailable (5 bytes)
Event: 14.097 Thread 0x000000001fa68000 nmethod 4931 0x00000000039d1c50 code [0x00000000039d1da0, 0x00000000039d1eb0]

GC Heap History (10 events):
Event: 3.683 GC heap before
{Heap before GC invocations=8 (full 2):
 PSYoungGen      total 169472K, used 12270K [0x000000076e000000, 0x000000077ba00000, 0x00000007c0000000)
  eden space 157184K, 0% used [0x000000076e000000,0x000000076e000000,0x0000000777980000)
  from space 12288K, 99% used [0x0000000778800000,0x00000007793fb9c8,0x0000000779400000)
  to   space 14848K, 0% used [0x0000000777980000,0x0000000777980000,0x0000000778800000)
 ParOldGen       total 94720K, used 8619K [0x00000006ca000000, 0x00000006cfc80000, 0x000000076e000000)
  object space 94720K, 9% used [0x00000006ca000000,0x00000006ca86ae70,0x00000006cfc80000)
 Metaspace       used 33161K, capacity 35426K, committed 35496K, reserved 1079296K
  class space    used 4419K, capacity 4895K, committed 4912K, reserved 1048576K
Event: 3.717 GC heap after
Heap after GC invocations=8 (full 2):
 PSYoungGen      total 169472K, used 0K [0x000000076e000000, 0x000000077ba00000, 0x00000007c0000000)
  eden space 157184K, 0% used [0x000000076e000000,0x000000076e000000,0x0000000777980000)
  from space 12288K, 0% used [0x0000000778800000,0x0000000778800000,0x0000000779400000)
  to   space 14848K, 0% used [0x0000000777980000,0x0000000777980000,0x0000000778800000)
 ParOldGen       total 153600K, used 18057K [0x00000006ca000000, 0x00000006d3600000, 0x000000076e000000)
  object space 153600K, 11% used [0x00000006ca000000,0x00000006cb1a24d0,0x00000006d3600000)
 Metaspace       used 33161K, capacity 35426K, committed 35496K, reserved 1079296K
  class space    used 4419K, capacity 4895K, committed 4912K, reserved 1048576K
}
Event: 5.530 GC heap before
{Heap before GC invocations=9 (full 2):
 PSYoungGen      total 169472K, used 157184K [0x000000076e000000, 0x000000077ba00000, 0x00000007c0000000)
  eden space 157184K, 100% used [0x000000076e000000,0x0000000777980000,0x0000000777980000)
  from space 12288K, 0% used [0x0000000778800000,0x0000000778800000,0x0000000779400000)
  to   space 14848K, 0% used [0x0000000777980000,0x0000000777980000,0x0000000778800000)
 ParOldGen       total 153600K, used 18057K [0x00000006ca000000, 0x00000006d3600000, 0x000000076e000000)
  object space 153600K, 11% used [0x00000006ca000000,0x00000006cb1a24d0,0x00000006d3600000)
 Metaspace       used 43337K, capacity 46448K, committed 46640K, reserved 1089536K
  class space    used 5807K, capacity 6392K, committed 6448K, reserved 1048576K
Event: 5.539 GC heap after
Heap after GC invocations=9 (full 2):
 PSYoungGen      total 172032K, used 13009K [0x000000076e000000, 0x000000077da80000, 0x00000007c0000000)
  eden space 157184K, 0% used [0x000000076e000000,0x000000076e000000,0x0000000777980000)
  from space 14848K, 87% used [0x0000000777980000,0x0000000778634650,0x0000000778800000)
  to   space 15872K, 0% used [0x000000077cb00000,0x000000077cb00000,0x000000077da80000)
 ParOldGen       total 153600K, used 18129K [0x00000006ca000000, 0x00000006d3600000, 0x000000076e000000)
  object space 153600K, 11% used [0x00000006ca000000,0x00000006cb1b44e0,0x00000006d3600000)
 Metaspace       used 43337K, capacity 46448K, committed 46640K, reserved 1089536K
  class space    used 5807K, capacity 6392K, committed 6448K, reserved 1048576K
}
Event: 13.889 GC heap before
{Heap before GC invocations=10 (full 2):
 PSYoungGen      total 172032K, used 170193K [0x000000076e000000, 0x000000077da80000, 0x00000007c0000000)
  eden space 157184K, 100% used [0x000000076e000000,0x0000000777980000,0x0000000777980000)
  from space 14848K, 87% used [0x0000000777980000,0x0000000778634650,0x0000000778800000)
  to   space 15872K, 0% used [0x000000077cb00000,0x000000077cb00000,0x000000077da80000)
 ParOldGen       total 153600K, used 18129K [0x00000006ca000000, 0x00000006d3600000, 0x000000076e000000)
  object space 153600K, 11% used [0x00000006ca000000,0x00000006cb1b44e0,0x00000006d3600000)
 Metaspace       used 54775K, capacity 58854K, committed 59056K, reserved 1099776K
  class space    used 7221K, capacity 7988K, committed 8112K, reserved 1048576K
Event: 13.900 GC heap after
Heap after GC invocations=10 (full 2):
 PSYoungGen      total 231424K, used 15850K [0x000000076e000000, 0x000000077da80000, 0x00000007c0000000)
  eden space 215552K, 0% used [0x000000076e000000,0x000000076e000000,0x000000077b280000)
  from space 15872K, 99% used [0x000000077cb00000,0x000000077da7a9f0,0x000000077da80000)
  to   space 19456K, 0% used [0x000000077b480000,0x000000077b480000,0x000000077c780000)
 ParOldGen       total 153600K, used 21672K [0x00000006ca000000, 0x00000006d3600000, 0x000000076e000000)
  object space 153600K, 14% used [0x00000006ca000000,0x00000006cb52a2d8,0x00000006d3600000)
 Metaspace       used 54775K, capacity 58854K, committed 59056K, reserved 1099776K
  class space    used 7221K, capacity 7988K, committed 8112K, reserved 1048576K
}
Event: 13.914 GC heap before
{Heap before GC invocations=11 (full 2):
 PSYoungGen      total 231424K, used 18610K [0x000000076e000000, 0x000000077da80000, 0x00000007c0000000)
  eden space 215552K, 1% used [0x000000076e000000,0x000000076e2b1fe0,0x000000077b280000)
  from space 15872K, 99% used [0x000000077cb00000,0x000000077da7a9f0,0x000000077da80000)
  to   space 19456K, 0% used [0x000000077b480000,0x000000077b480000,0x000000077c780000)
 ParOldGen       total 153600K, used 21672K [0x00000006ca000000, 0x00000006d3600000, 0x000000076e000000)
  object space 153600K, 14% used [0x00000006ca000000,0x00000006cb52a2d8,0x00000006d3600000)
 Metaspace       used 54967K, capacity 59014K, committed 59160K, reserved 1099776K
  class space    used 7240K, capacity 8020K, committed 8112K, reserved 1048576K
Event: 13.922 GC heap after
Heap after GC invocations=11 (full 2):
 PSYoungGen      total 237056K, used 12821K [0x000000076e000000, 0x0000000784500000, 0x00000007c0000000)
  eden space 217600K, 0% used [0x000000076e000000,0x000000076e000000,0x000000077b480000)
  from space 19456K, 65% used [0x000000077b480000,0x000000077c105580,0x000000077c780000)
  to   space 18944K, 0% used [0x0000000783280000,0x0000000783280000,0x0000000784500000)
 ParOldGen       total 153600K, used 21680K [0x00000006ca000000, 0x00000006d3600000, 0x000000076e000000)
  object space 153600K, 14% used [0x00000006ca000000,0x00000006cb52c2d8,0x00000006d3600000)
 Metaspace       used 54967K, capacity 59014K, committed 59160K, reserved 1099776K
  class space    used 7240K, capacity 8020K, committed 8112K, reserved 1048576K
}
Event: 13.922 GC heap before
{Heap before GC invocations=12 (full 3):
 PSYoungGen      total 237056K, used 12821K [0x000000076e000000, 0x0000000784500000, 0x00000007c0000000)
  eden space 217600K, 0% used [0x000000076e000000,0x000000076e000000,0x000000077b480000)
  from space 19456K, 65% used [0x000000077b480000,0x000000077c105580,0x000000077c780000)
  to   space 18944K, 0% used [0x0000000783280000,0x0000000783280000,0x0000000784500000)
 ParOldGen       total 153600K, used 21680K [0x00000006ca000000, 0x00000006d3600000, 0x000000076e000000)
  object space 153600K, 14% used [0x00000006ca000000,0x00000006cb52c2d8,0x00000006d3600000)
 Metaspace       used 54967K, capacity 59014K, committed 59160K, reserved 1099776K
  class space    used 7240K, capacity 8020K, committed 8112K, reserved 1048576K
Event: 14.017 GC heap after
Heap after GC invocations=12 (full 3):
 PSYoungGen      total 237056K, used 0K [0x000000076e000000, 0x0000000784500000, 0x00000007c0000000)
  eden space 217600K, 0% used [0x000000076e000000,0x000000076e000000,0x000000077b480000)
  from space 19456K, 0% used [0x000000077b480000,0x000000077b480000,0x000000077c780000)
  to   space 18944K, 0% used [0x0000000783280000,0x0000000783280000,0x0000000784500000)
 ParOldGen       total 170496K, used 24287K [0x00000006ca000000, 0x00000006d4680000, 0x000000076e000000)
  object space 170496K, 14% used [0x00000006ca000000,0x00000006cb7b7d08,0x00000006d4680000)
 Metaspace       used 54964K, capacity 59008K, committed 59160K, reserved 1099776K
  class space    used 7239K, capacity 8019K, committed 8112K, reserved 1048576K
}

Deoptimization events (0 events):
No events

Internal exceptions (10 events):
Event: 13.736 Thread 0x0000000021113800 Exception <a 'java/lang/ArrayIndexOutOfBoundsException'> (0x000000077626f880) thrown at [C:\re\workspace\8-2-build-windows-amd64-cygwin\jdk8u131\8869\hotspot\src\share\vm\runtime\sharedRuntime.cpp, line 605]
Event: 13.736 Thread 0x0000000021113800 Exception <a 'java/lang/ArrayIndexOutOfBoundsException'> (0x0000000776271208) thrown at [C:\re\workspace\8-2-build-windows-amd64-cygwin\jdk8u131\8869\hotspot\src\share\vm\runtime\sharedRuntime.cpp, line 605]
Event: 13.741 Thread 0x0000000021113800 Exception <a 'java/lang/ArrayIndexOutOfBoundsException'> (0x000000077632a840) thrown at [C:\re\workspace\8-2-build-windows-amd64-cygwin\jdk8u131\8869\hotspot\src\share\vm\runtime\sharedRuntime.cpp, line 605]
Event: 14.091 Thread 0x0000000021113800 Exception <a 'java/lang/ClassNotFoundException': java/lang/ObjectCustomizer> (0x000000076eaec800) thrown at [C:\re\workspace\8-2-build-windows-amd64-cygwin\jdk8u131\8869\hotspot\src\share\vm\classfile\systemDictionary.cpp, line 210]
Event: 14.091 Thread 0x0000000021113800 Exception <a 'java/lang/ArrayIndexOutOfBoundsException'> (0x000000076eaefb48) thrown at [C:\re\workspace\8-2-build-windows-amd64-cygwin\jdk8u131\8869\hotspot\src\share\vm\runtime\sharedRuntime.cpp, line 605]
Event: 14.093 Thread 0x0000000021113800 Exception <a 'java/lang/ClassNotFoundException': com/lzh/usercenter/pojo/vo/SafetyUserCustomizer> (0x000000076eb12fe0) thrown at [C:\re\workspace\8-2-build-windows-amd64-cygwin\jdk8u131\8869\hotspot\src\share\vm\classfile\systemDictionary.cpp, line 210]
Event: 14.093 Thread 0x0000000021113800 Exception <a 'java/lang/ArrayIndexOutOfBoundsException'> (0x000000076eb18100) thrown at [C:\re\workspace\8-2-build-windows-amd64-cygwin\jdk8u131\8869\hotspot\src\share\vm\runtime\sharedRuntime.cpp, line 605]
Event: 14.093 Thread 0x0000000021113800 Exception <a 'java/lang/ArrayIndexOutOfBoundsException'> (0x000000076eb19728) thrown at [C:\re\workspace\8-2-build-windows-amd64-cygwin\jdk8u131\8869\hotspot\src\share\vm\runtime\sharedRuntime.cpp, line 605]
Event: 14.094 Thread 0x0000000021113800 Exception <a 'java/lang/ClassNotFoundException': java/lang/ObjectCustomizer> (0x000000076eb4b5d8) thrown at [C:\re\workspace\8-2-build-windows-amd64-cygwin\jdk8u131\8869\hotspot\src\share\vm\classfile\systemDictionary.cpp, line 210]
Event: 14.096 Thread 0x0000000021113800 Exception <a 'java/lang/ClassNotFoundException': com/lzh/usercenter/pojo/UserCustomizer> (0x000000076eb6cab8) thrown at [C:\re\workspace\8-2-build-windows-amd64-cygwin\jdk8u131\8869\hotspot\src\share\vm\classfile\systemDictionary.cpp, line 210]

Events (10 events):
Event: 14.096 Thread 0x0000000021113800 DEOPT PACKING pc=0x00000000032d1acc sp=0x000000002620c6d0
Event: 14.096 Thread 0x0000000021113800 DEOPT UNPACKING pc=0x00000000030a747f sp=0x000000002620c448 mode 1
Event: 14.096 loading class com/lzh/usercenter/pojo/UserCustomizer
Event: 14.096 loading class com/lzh/usercenter/pojo/UserCustomizer done
Event: 14.096 Thread 0x0000000021113800 DEOPT PACKING pc=0x0000000003550fa4 sp=0x000000002620c710
Event: 14.096 Thread 0x0000000021113800 DEOPT UNPACKING pc=0x00000000030a747f sp=0x000000002620c468 mode 1
Event: 14.096 Thread 0x0000000021113800 DEOPT PACKING pc=0x00000000034fe751 sp=0x000000002620c9a0
Event: 14.096 Thread 0x0000000021113800 DEOPT UNPACKING pc=0x00000000030a747f sp=0x000000002620c6e8 mode 1
Event: 14.096 Thread 0x0000000021113800 DEOPT PACKING pc=0x00000000034fe751 sp=0x000000002620c9a0
Event: 14.096 Thread 0x0000000021113800 DEOPT UNPACKING pc=0x00000000030a747f sp=0x000000002620c6e8 mode 1


Dynamic libraries:
0x00007ff6e84f0000 - 0x00007ff6e8527000 	D:\jdk8\jdk8u\bin\java.exe
0x00007ffe3b890000 - 0x00007ffe3baa4000 	C:\WINDOWS\SYSTEM32\ntdll.dll
0x00007ffe3a420000 - 0x00007ffe3a4e2000 	C:\WINDOWS\System32\KERNEL32.DLL
0x00007ffe39300000 - 0x00007ffe3969c000 	C:\WINDOWS\System32\KERNELBASE.dll
0x00007ffe3a2e0000 - 0x00007ffe3a38e000 	C:\WINDOWS\System32\ADVAPI32.dll
0x00007ffe3ae90000 - 0x00007ffe3af37000 	C:\WINDOWS\System32\msvcrt.dll
0x00007ffe3a120000 - 0x00007ffe3a1c4000 	C:\WINDOWS\System32\sechost.dll
0x00007ffe39d00000 - 0x00007ffe39e15000 	C:\WINDOWS\System32\RPCRT4.dll
0x00007ffe3a750000 - 0x00007ffe3a8fb000 	C:\WINDOWS\System32\USER32.dll
0x00007ffe38df0000 - 0x00007ffe38e16000 	C:\WINDOWS\System32\win32u.dll
0x00007ffe3a390000 - 0x00007ffe3a3b9000 	C:\WINDOWS\System32\GDI32.dll
0x00007ffe38e20000 - 0x00007ffe38f32000 	C:\WINDOWS\System32\gdi32full.dll
0x00007ffe39260000 - 0x00007ffe392fa000 	C:\WINDOWS\System32\msvcp_win.dll
0x00007ffe38cd0000 - 0x00007ffe38de1000 	C:\WINDOWS\System32\ucrtbase.dll
0x00007ffe20ff0000 - 0x00007ffe2127e000 	C:\WINDOWS\WinSxS\amd64_microsoft.windows.common-controls_6595b64144ccf1df_6.0.22621.317_none_a9434687c10c9fa2\COMCTL32.dll
0x00007ffe3a710000 - 0x00007ffe3a741000 	C:\WINDOWS\System32\IMM32.DLL
0x000000005f5e0000 - 0x000000005f6b2000 	D:\jdk8\jdk8u\jre\bin\msvcr100.dll
0x000000005ed40000 - 0x000000005f5dc000 	D:\jdk8\jdk8u\jre\bin\server\jvm.dll
0x00007ffe3a2d0000 - 0x00007ffe3a2d8000 	C:\WINDOWS\System32\PSAPI.DLL
0x00007ffe30540000 - 0x00007ffe3054a000 	C:\WINDOWS\SYSTEM32\VERSION.dll
0x00007ffe31d00000 - 0x00007ffe31d34000 	C:\WINDOWS\SYSTEM32\WINMM.dll
0x00007ffe32e10000 - 0x00007ffe32e19000 	C:\WINDOWS\SYSTEM32\WSOCK32.dll
0x00007ffe39710000 - 0x00007ffe39781000 	C:\WINDOWS\System32\WS2_32.dll
0x000000005ed30000 - 0x000000005ed3f000 	D:\jdk8\jdk8u\jre\bin\verify.dll
0x000000005ed00000 - 0x000000005ed29000 	D:\jdk8\jdk8u\jre\bin\java.dll
0x000000005ec60000 - 0x000000005ec95000 	D:\jdk8\jdk8u\jre\bin\jdwp.dll
0x000000005ec50000 - 0x000000005ec58000 	D:\jdk8\jdk8u\jre\bin\npt.dll
0x000000005ec20000 - 0x000000005ec43000 	D:\jdk8\jdk8u\jre\bin\instrument.dll
0x000000005ece0000 - 0x000000005ecf6000 	D:\jdk8\jdk8u\jre\bin\zip.dll
0x00007ffe3b070000 - 0x00007ffe3b84b000 	C:\WINDOWS\System32\SHELL32.dll
0x00007ffe36d40000 - 0x00007ffe375f5000 	C:\WINDOWS\SYSTEM32\windows.storage.dll
0x00007ffe39970000 - 0x00007ffe39cf9000 	C:\WINDOWS\System32\combase.dll
0x00007ffe36c00000 - 0x00007ffe36d3d000 	C:\WINDOWS\SYSTEM32\wintypes.dll
0x00007ffe3a1d0000 - 0x00007ffe3a2c1000 	C:\WINDOWS\System32\SHCORE.dll
0x00007ffe3a9b0000 - 0x00007ffe3aa0e000 	C:\WINDOWS\System32\shlwapi.dll
0x00007ffe38c00000 - 0x00007ffe38c21000 	C:\WINDOWS\SYSTEM32\profapi.dll
0x000000005ec10000 - 0x000000005ec19000 	D:\jdk8\jdk8u\jre\bin\dt_socket.dll
0x00007ffe382a0000 - 0x00007ffe38309000 	C:\WINDOWS\system32\mswsock.dll
0x000000005ecc0000 - 0x000000005ecda000 	D:\jdk8\jdk8u\jre\bin\net.dll
0x00007ffe37930000 - 0x00007ffe37a22000 	C:\WINDOWS\SYSTEM32\DNSAPI.dll
0x00007ffe378c0000 - 0x00007ffe378ed000 	C:\WINDOWS\SYSTEM32\IPHLPAPI.DLL
0x00007ffe39790000 - 0x00007ffe39799000 	C:\WINDOWS\System32\NSI.dll
0x00007ffe30510000 - 0x00007ffe3051a000 	C:\Windows\System32\rasadhlp.dll
0x00007ffe31570000 - 0x00007ffe315f3000 	C:\WINDOWS\System32\fwpuclnt.dll
0x000000005ec00000 - 0x000000005ec0d000 	D:\jdk8\jdk8u\jre\bin\management.dll
0x000000005eca0000 - 0x000000005ecb1000 	D:\jdk8\jdk8u\jre\bin\nio.dll
0x00007ffe384f0000 - 0x00007ffe3850b000 	C:\WINDOWS\SYSTEM32\CRYPTSP.dll
0x00007ffe37db0000 - 0x00007ffe37de5000 	C:\WINDOWS\system32\rsaenh.dll
0x00007ffe38390000 - 0x00007ffe383b8000 	C:\WINDOWS\SYSTEM32\USERENV.dll
0x00007ffe386a0000 - 0x00007ffe386c8000 	C:\WINDOWS\SYSTEM32\bcrypt.dll
0x00007ffe38fb0000 - 0x00007ffe3902b000 	C:\WINDOWS\System32\bcryptprimitives.dll
0x00007ffe384e0000 - 0x00007ffe384ec000 	C:\WINDOWS\SYSTEM32\CRYPTBASE.dll
0x00007ffe322f0000 - 0x00007ffe32309000 	C:\WINDOWS\SYSTEM32\dhcpcsvc6.DLL
0x00007ffe322d0000 - 0x00007ffe322ef000 	C:\WINDOWS\SYSTEM32\dhcpcsvc.DLL
0x00007ffe1c360000 - 0x00007ffe1c377000 	C:\WINDOWS\system32\napinsp.dll
0x00007ffe1c280000 - 0x00007ffe1c29b000 	C:\WINDOWS\system32\pnrpnsp.dll
0x00007ffe1f8b0000 - 0x00007ffe1f8c1000 	C:\WINDOWS\System32\winrnr.dll
0x00007ffe31620000 - 0x00007ffe31635000 	C:\WINDOWS\system32\wshbth.dll
0x00007ffe1f850000 - 0x00007ffe1f871000 	C:\WINDOWS\system32\nlansp_c.dll
0x000000005ebd0000 - 0x000000005ebf4000 	D:\jdk8\jdk8u\jre\bin\sunec.dll
0x000000005ebc0000 - 0x000000005ebcb000 	D:\jdk8\jdk8u\jre\bin\sunmscapi.dll
0x00007ffe39030000 - 0x00007ffe39196000 	C:\WINDOWS\System32\CRYPT32.dll
0x00007ffe1dc80000 - 0x00007ffe1deae000 	C:\WINDOWS\SYSTEM32\dbghelp.dll
0x00007ffe39e20000 - 0x00007ffe39ef7000 	C:\WINDOWS\System32\OLEAUT32.dll

VM Arguments:
jvm_args: -agentlib:jdwp=transport=dt_socket,address=127.0.0.1:49302,suspend=y,server=n -XX:TieredStopAtLevel=1 -Xverify:none -Dspring.output.ansi.enabled=always -javaagent:C:\Users\Lenovo\AppData\Local\JetBrains\IntelliJIdea2021.1\captureAgent\debugger-agent.jar=file:/C:/Users/Lenovo/AppData/Local/Temp/capture.props -Dcom.sun.management.jmxremote -Dspring.jmx.enabled=true -Dspring.liveBeansView.mbeanDomain -Dspring.application.admin.enabled=true -Dfile.encoding=UTF-8 
java_command: com.lzh.usercenter.UserCenterApplication
java_class_path (initial): D:\jdk8\jdk8u\jre\lib\charsets.jar;D:\jdk8\jdk8u\jre\lib\deploy.jar;D:\jdk8\jdk8u\jre\lib\ext\access-bridge-64.jar;D:\jdk8\jdk8u\jre\lib\ext\cldrdata.jar;D:\jdk8\jdk8u\jre\lib\ext\dnsns.jar;D:\jdk8\jdk8u\jre\lib\ext\jaccess.jar;D:\jdk8\jdk8u\jre\lib\ext\jfxrt.jar;D:\jdk8\jdk8u\jre\lib\ext\localedata.jar;D:\jdk8\jdk8u\jre\lib\ext\nashorn.jar;D:\jdk8\jdk8u\jre\lib\ext\sunec.jar;D:\jdk8\jdk8u\jre\lib\ext\sunjce_provider.jar;D:\jdk8\jdk8u\jre\lib\ext\sunmscapi.jar;D:\jdk8\jdk8u\jre\lib\ext\sunpkcs11.jar;D:\jdk8\jdk8u\jre\lib\ext\zipfs.jar;D:\jdk8\jdk8u\jre\lib\javaws.jar;D:\jdk8\jdk8u\jre\lib\jce.jar;D:\jdk8\jdk8u\jre\lib\jfr.jar;D:\jdk8\jdk8u\jre\lib\jfxswt.jar;D:\jdk8\jdk8u\jre\lib\jsse.jar;D:\jdk8\jdk8u\jre\lib\management-agent.jar;D:\jdk8\jdk8u\jre\lib\plugin.jar;D:\jdk8\jdk8u\jre\lib\resources.jar;D:\jdk8\jdk8u\jre\lib\rt.jar;E:\code\plantProject\user-center\target\classes;D:\Maven\apache-maven-3.3.9\repository\org\springframework\boot\spring-boot-starter-web\2.7.4\spring-boot-starter-web-2.7.4.jar;D:\Maven\apache-maven-3.3.9\repository\org\springframework\boot\spring-boot-starter\2.7.4\spring-boot-starter-2.7.4.jar;D:\Maven\apache-maven-3.3.9\repository\org\springframework\boot\spring-boot-starter-logging\2.7.4\spring-boot-starter-logging-2.7.4.jar;D:\Maven\apache-maven-3.3.9\repository\ch\qos\logback\logback-classic\1.2.11\logback-classic-1.2.11.jar;D:\Maven\apache-maven-3.3.9\repository\ch\qos\logback\logback-core\1.2.11\logback-core-1.2.11.jar;D:\Maven\apache-maven-3.3.9\repository\org\apache\logging\log4j\log4j-to-slf4j\2.17.2\log4j-to-slf4j-2.17.2.jar;D:\Maven\apache-maven-3.3.9\repository\org\apache\logging\log4j\log4j-api\2.17.2\log4j-api-2.17.2.jar;D:\Maven\apache-maven-3.3.9\repository\org\slf4j\jul-to-slf4j\1.7.36\jul-to-slf4j-1.7.36.jar;D:\Maven\apache-maven-3.3.9\repository\jakarta\annotation\jakarta.annotation-api\1.3.5\jakarta.annotation-api-1.3.5.jar;D:\Maven\apache-maven-3.3.9\repository\org\yaml\snakeyaml\1.30\snakeyam
Launcher Type: SUN_STANDARD

Environment Variables:
JAVA_HOME=D:\jdk8\jdk8u
PATH=C:\ProgramData\Oracle\Java\javapath;D:\Software\bin\;C:\Program Files\Common Files\Oracle\Java\javapath;C:\Windows\system32;C:\Windows;C:\Windows\System32\Wbem;C:\Windows\System32\WindowsPowerShell\v1.0\;C:\Windows\System32\OpenSSH\;C:\Program Files (x86)\NVIDIA Corporation\PhysX\Common;C:\WINDOWS\system32;C:\WINDOWS;C:\WINDOWS\System32\Wbem;C:\WINDOWS\System32\WindowsPowerShell\v1.0\;C:\WINDOWS\System32\OpenSSH\;D:\jdk8\jdk8u\bin;D:\jdk8\jdk8u\jre\bin;D:\phpstudy_pro\Extensions\php\php7.3.4nts;D:\Software\nodejs;D:\Software\nodejs\node_global;D:\Program Files (x86)\IncrediBuild;D:\Software\mysql-8.0.26-winx64\bin;D:\Software\mysql-8.0.26-winx64;D:\Software\mysql-8.0.26-winx64\bin;D:\Software\mongodb\bin;D:\Software\Git\cmd;D:\Software\微信web开发者工具\dll;D:\Maven\apache-maven-3.3.9\bin;D:\Software\Xshell7\;C:\Users\Lenovo\AppData\Local\Microsoft\WindowsApps;;D:\Software\Microsoft VS Code\bin
USERNAME=Lenovo
OS=Windows_NT
PROCESSOR_IDENTIFIER=AMD64 Family 23 Model 96 Stepping 1, AuthenticAMD



---------------  S Y S T E M  ---------------

OS: Windows 10.0 , 64 bit Build 22621 (10.0.22621.457)

CPU:total 12 (initial active 12) (12 cores per cpu, 1 threads per core) family 23 model 96 stepping 1, cmov, cx8, fxsr, mmx, sse, sse2, sse3, ssse3, sse4.1, sse4.2, popcnt, avx, avx2, aes, clmul, mmxext, 3dnowpref, lzcnt, sse4a, tsc, tscinvbit, tscinv, bmi1

Memory: 4k page, physical 16119108k(2914964k free), swap 21105544k(1610496k free)

vm_info: Java HotSpot(TM) 64-Bit Server VM (25.131-b11) for windows-amd64 JRE (1.8.0_131-b11), built on Mar 15 2017 01:23:53 by "java_re" with MS VC++ 10.0 (VS2010)

time: Mon Oct 10 20:39:11 2022
elapsed time: 14 seconds (0d 0h 0m 14s)

