#
# A fatal error has been detected by the Java Runtime Environment:
#
#  EXCEPTION_ACCESS_VIOLATION (0xc0000005) at pc=0x000000005ef3e2ef, pid=10448, tid=0x0000000000003b10
#
# JRE version: Java(TM) SE Runtime Environment (8.0_131-b11) (build 1.8.0_131-b11)
# Java VM: Java HotSpot(TM) 64-Bit Server VM (25.131-b11 mixed mode windows-amd64 compressed oops)
# Problematic frame:
# V  [jvm.dll+0x1de2ef]
#
# Failed to write core dump. Minidumps are not enabled by default on client versions of Windows
#
# If you would like to submit a bug report, please visit:
#   http://bugreport.java.com/bugreport/crash.jsp
#

---------------  T H R E A D  ---------------

Current thread (0x00000000233ad000):  JavaThread "http-nio-8080-exec-1" daemon [_thread_in_vm, id=15120, stack(0x0000000025ca0000,0x0000000025da0000)]

siginfo: ExceptionCode=0xc0000005, reading address 0x000000000000000c

Registers:
RAX=0x0000000000000000, RBX=0x00000000233ad000, RCX=0x0000000000000d00, RDX=0x0000000025d9c878
RSP=0x0000000025d9c790, RBP=0x0000000000000000, RSI=0x00000000233ad1f8, RDI=0x0000000000000000
R8 =0x0000000000000000, R9 =0x000000000000000c, R10=0x0000000002e709a0, R11=0x000000005ef8bd80
R12=0x000000000000000c, R13=0x000000001bc1e0c8, R14=0x0000000025d9c878, R15=0x00000000233ad000
RIP=0x000000005ef3e2ef, EFLAGS=0x0000000000010202

Top of Stack: (sp=0x0000000025d9c790)
0x0000000025d9c790:   0000000025d9c800 0000000002e70551
0x0000000025d9c7a0:   0000000002e556d0 0000000000000000
0x0000000025d9c7b0:   0000000000000000 0000000002e709cc
0x0000000025d9c7c0:   000000001bc1e0c8 0000000025d9c840
0x0000000025d9c7d0:   00000000f80faf4f 0000000000200021
0x0000000025d9c7e0:   0000000000200021 0000000002e69d34
0x0000000025d9c7f0:   0000000002e556d0 0000000002e70551
0x0000000025d9c800:   0000000025d9c800 000000001bc1e0c8
0x0000000025d9c810:   0000000025d9c878 000000001bc4dd50
0x0000000025d9c820:   0000000000000000 000000001bc1e0c8
0x0000000025d9c830:   0000000000000000 0000000025d9c860
0x0000000025d9c840:   0000000025d9c8c0 0000000002e58180
0x0000000025d9c850:   0000000000000000 0000000002e671bb
0x0000000025d9c860:   000000000000000c 0000000025d9c890
0x0000000025d9c870:   0000000000000000 00000006ca0053f0
0x0000000025d9c880:   0000000025d9c880 0000000027a492c5 

Instructions: (pc=0x000000005ef3e2ef)
0x000000005ef3e2cf:   00 c7 83 70 02 00 00 06 00 00 00 48 8b c7 48 85
0x000000005ef3e2df:   ed 74 04 48 8b 45 00 40 38 3d c3 f0 62 00 74 1c
0x000000005ef3e2ef:   42 8b 0c 20 85 c9 74 18 8b f9 8b 0d 99 24 5c 00
0x000000005ef3e2ff:   48 d3 e7 48 03 3d 87 24 5c 00 eb 04 4a 8b 3c 20 


Register to memory mapping:

RAX=0x0000000000000000 is an unknown value
RBX=0x00000000233ad000 is a thread
RCX=0x0000000000000d00 is an unknown value
RDX=0x0000000025d9c878 is pointing into the stack for thread: 0x00000000233ad000
RSP=0x0000000025d9c790 is pointing into the stack for thread: 0x00000000233ad000
RBP=0x0000000000000000 is an unknown value
RSI=0x00000000233ad1f8 is an unknown value
RDI=0x0000000000000000 is an unknown value
R8 =0x0000000000000000 is an unknown value
R9 =0x000000000000000c is an unknown value
R10=0x0000000002e709a0 is at code_begin+1632 in an Interpreter codelet
method entry point (kind = native)  [0x0000000002e70340, 0x0000000002e71360]  4128 bytes
R11=0x000000005ef8bd80 is an unknown value
R12=0x000000000000000c is an unknown value
R13={method} {0x000000001bc1e0d0} 'getObject' '(Ljava/lang/Object;J)Ljava/lang/Object;' in 'sun/misc/Unsafe'
R14=0x0000000025d9c878 is pointing into the stack for thread: 0x00000000233ad000
R15=0x00000000233ad000 is a thread


Stack: [0x0000000025ca0000,0x0000000025da0000],  sp=0x0000000025d9c790,  free space=1009k
Native frames: (J=compiled Java code, j=interpreted, Vv=VM code, C=native code)

Java frames: (J=compiled Java code, j=interpreted, Vv=VM code)
j  sun.misc.Unsafe.getObject(Ljava/lang/Object;J)Ljava/lang/Object;+0
j  com.alibaba.fastjson2.util.JDKUtils.getCharArray(Ljava/lang/String;)[C+13
j  com.alibaba.fastjson2.JSONReader.of(Ljava/lang/String;)Lcom/alibaba/fastjson2/JSONReader;+96
j  com.alibaba.fastjson.JSON.parseArray(Ljava/lang/String;[Lcom/alibaba/fastjson/parser/Feature;)Lcom/alibaba/fastjson/JSONArray;+1
j  com.lzh.usercenter.service.impl.UserServiceImpl.recommendUsers()Lcom/lzh/usercenter/utils/R;+70
j  com.lzh.usercenter.service.impl.UserServiceImpl$$FastClassBySpringCGLIB$$528e6062.invoke(ILjava/lang/Object;[Ljava/lang/Object;)Ljava/lang/Object;+326
j  org.springframework.cglib.proxy.MethodProxy.invoke(Ljava/lang/Object;[Ljava/lang/Object;)Ljava/lang/Object;+19
j  org.springframework.aop.framework.CglibAopProxy.invokeMethod(Ljava/lang/Object;Ljava/lang/reflect/Method;[Ljava/lang/Object;Lorg/springframework/cglib/proxy/MethodProxy;)Ljava/lang/Object;+3
j  org.springframework.aop.framework.CglibAopProxy.access$000(Ljava/lang/Object;Ljava/lang/reflect/Method;[Ljava/lang/Object;Lorg/springframework/cglib/proxy/MethodProxy;)Ljava/lang/Object;+4
j  org.springframework.aop.framework.CglibAopProxy$DynamicAdvisedInterceptor.intercept(Ljava/lang/Object;Ljava/lang/reflect/Method;[Ljava/lang/Object;Lorg/springframework/cglib/proxy/MethodProxy;)Ljava/lang/Object;+105
j  com.lzh.usercenter.service.impl.UserServiceImpl$$EnhancerBySpringCGLIB$$669a491e.recommendUsers()Lcom/lzh/usercenter/utils/R;+31
j  com.lzh.usercenter.controller.UserController.recommendUsers()Lcom/lzh/usercenter/utils/R;+4
v  ~StubRoutines::call_stub
J 2021  sun.reflect.NativeMethodAccessorImpl.invoke0(Ljava/lang/reflect/Method;Ljava/lang/Object;[Ljava/lang/Object;)Ljava/lang/Object; (0 bytes) @ 0x00000000032a1d7f [0x00000000032a1d00+0x7f]
J 2020 C1 sun.reflect.NativeMethodAccessorImpl.invoke(Ljava/lang/Object;[Ljava/lang/Object;)Ljava/lang/Object; (104 bytes) @ 0x00000000032a255c [0x00000000032a2160+0x3fc]
J 2114 C1 sun.reflect.DelegatingMethodAccessorImpl.invoke(Ljava/lang/Object;[Ljava/lang/Object;)Ljava/lang/Object; (10 bytes) @ 0x00000000032c79c4 [0x00000000032c7960+0x64]
J 1956 C1 java.lang.reflect.Method.invoke(Ljava/lang/Object;[Ljava/lang/Object;)Ljava/lang/Object; (62 bytes) @ 0x0000000003289a1c [0x00000000032898e0+0x13c]
j  org.springframework.web.method.support.InvocableHandlerMethod.doInvoke([Ljava/lang/Object;)Ljava/lang/Object;+28
j  org.springframework.web.method.support.InvocableHandlerMethod.invokeForRequest(Lorg/springframework/web/context/request/NativeWebRequest;Lorg/springframework/web/method/support/ModelAndViewContainer;[Ljava/lang/Object;)Ljava/lang/Object;+54
j  org.springframework.web.servlet.mvc.method.annotation.ServletInvocableHandlerMethod.invokeAndHandle(Lorg/springframework/web/context/request/ServletWebRequest;Lorg/springframework/web/method/support/ModelAndViewContainer;[Ljava/lang/Object;)V+4
j  org.springframework.web.servlet.mvc.method.annotation.RequestMappingHandlerAdapter.invokeHandlerMethod(Ljavax/servlet/http/HttpServletRequest;Ljavax/servlet/http/HttpServletResponse;Lorg/springframework/web/method/HandlerMethod;)Lorg/springframework/web/servlet/ModelAndView;+244
j  org.springframework.web.servlet.mvc.method.annotation.RequestMappingHandlerAdapter.handleInternal(Ljavax/servlet/http/HttpServletRequest;Ljavax/servlet/http/HttpServletResponse;Lorg/springframework/web/method/HandlerMethod;)Lorg/springframework/web/servlet/ModelAndView;+81
j  org.springframework.web.servlet.mvc.method.AbstractHandlerMethodAdapter.handle(Ljavax/servlet/http/HttpServletRequest;Ljavax/servlet/http/HttpServletResponse;Ljava/lang/Object;)Lorg/springframework/web/servlet/ModelAndView;+7
j  org.springframework.web.servlet.DispatcherServlet.doDispatch(Ljavax/servlet/http/HttpServletRequest;Ljavax/servlet/http/HttpServletResponse;)V+259
j  org.springframework.web.servlet.DispatcherServlet.doService(Ljavax/servlet/http/HttpServletRequest;Ljavax/servlet/http/HttpServletResponse;)V+241
j  org.springframework.web.servlet.FrameworkServlet.processRequest(Ljavax/servlet/http/HttpServletRequest;Ljavax/servlet/http/HttpServletResponse;)V+71
j  org.springframework.web.servlet.FrameworkServlet.doGet(Ljavax/servlet/http/HttpServletRequest;Ljavax/servlet/http/HttpServletResponse;)V+3
j  javax.servlet.http.HttpServlet.service(Ljavax/servlet/http/HttpServletRequest;Ljavax/servlet/http/HttpServletResponse;)V+35
j  org.springframework.web.servlet.FrameworkServlet.service(Ljavax/servlet/http/HttpServletRequest;Ljavax/servlet/http/HttpServletResponse;)V+33
j  javax.servlet.http.HttpServlet.service(Ljavax/servlet/ServletRequest;Ljavax/servlet/ServletResponse;)V+36
j  org.apache.catalina.core.ApplicationFilterChain.internalDoFilter(Ljavax/servlet/ServletRequest;Ljavax/servlet/ServletResponse;)V+304
j  org.apache.catalina.core.ApplicationFilterChain.doFilter(Ljavax/servlet/ServletRequest;Ljavax/servlet/ServletResponse;)V+99
j  org.apache.tomcat.websocket.server.WsFilter.doFilter(Ljavax/servlet/ServletRequest;Ljavax/servlet/ServletResponse;Ljavax/servlet/FilterChain;)V+21
j  org.apache.catalina.core.ApplicationFilterChain.internalDoFilter(Ljavax/servlet/ServletRequest;Ljavax/servlet/ServletResponse;)V+135
j  org.apache.catalina.core.ApplicationFilterChain.doFilter(Ljavax/servlet/ServletRequest;Ljavax/servlet/ServletResponse;)V+99
j  org.springframework.web.filter.RequestContextFilter.doFilterInternal(Ljavax/servlet/http/HttpServletRequest;Ljavax/servlet/http/HttpServletResponse;Ljavax/servlet/FilterChain;)V+21
j  org.springframework.web.filter.OncePerRequestFilter.doFilter(Ljavax/servlet/ServletRequest;Ljavax/servlet/ServletResponse;Ljavax/servlet/FilterChain;)V+147
j  org.apache.catalina.core.ApplicationFilterChain.internalDoFilter(Ljavax/servlet/ServletRequest;Ljavax/servlet/ServletResponse;)V+135
j  org.apache.catalina.core.ApplicationFilterChain.doFilter(Ljavax/servlet/ServletRequest;Ljavax/servlet/ServletResponse;)V+99
j  org.springframework.web.filter.FormContentFilter.doFilterInternal(Ljavax/servlet/http/HttpServletRequest;Ljavax/servlet/http/HttpServletResponse;Ljavax/servlet/FilterChain;)V+38
j  org.springframework.web.filter.OncePerRequestFilter.doFilter(Ljavax/servlet/ServletRequest;Ljavax/servlet/ServletResponse;Ljavax/servlet/FilterChain;)V+147
j  org.apache.catalina.core.ApplicationFilterChain.internalDoFilter(Ljavax/servlet/ServletRequest;Ljavax/servlet/ServletResponse;)V+135
j  org.apache.catalina.core.ApplicationFilterChain.doFilter(Ljavax/servlet/ServletRequest;Ljavax/servlet/ServletResponse;)V+99
j  org.springframework.session.web.http.SessionRepositoryFilter.doFilterInternal(Ljavax/servlet/http/HttpServletRequest;Ljavax/servlet/http/HttpServletResponse;Ljavax/servlet/FilterChain;)V+44
j  org.springframework.session.web.http.OncePerRequestFilter.doFilter(Ljavax/servlet/ServletRequest;Ljavax/servlet/ServletResponse;Ljavax/servlet/FilterChain;)V+118
j  org.apache.catalina.core.ApplicationFilterChain.internalDoFilter(Ljavax/servlet/ServletRequest;Ljavax/servlet/ServletResponse;)V+135
j  org.apache.catalina.core.ApplicationFilterChain.doFilter(Ljavax/servlet/ServletRequest;Ljavax/servlet/ServletResponse;)V+99
j  org.springframework.web.filter.CharacterEncodingFilter.doFilterInternal(Ljavax/servlet/http/HttpServletRequest;Ljavax/servlet/http/HttpServletResponse;Ljavax/servlet/FilterChain;)V+53
j  org.springframework.web.filter.OncePerRequestFilter.doFilter(Ljavax/servlet/ServletRequest;Ljavax/servlet/ServletResponse;Ljavax/servlet/FilterChain;)V+147
j  org.apache.catalina.core.ApplicationFilterChain.internalDoFilter(Ljavax/servlet/ServletRequest;Ljavax/servlet/ServletResponse;)V+135
j  org.apache.catalina.core.ApplicationFilterChain.doFilter(Ljavax/servlet/ServletRequest;Ljavax/servlet/ServletResponse;)V+99
j  org.apache.catalina.core.StandardWrapperValve.invoke(Lorg/apache/catalina/connector/Request;Lorg/apache/catalina/connector/Response;)V+694
j  org.apache.catalina.core.StandardContextValve.invoke(Lorg/apache/catalina/connector/Request;Lorg/apache/catalina/connector/Response;)V+169
j  org.apache.catalina.authenticator.AuthenticatorBase.invoke(Lorg/apache/catalina/connector/Request;Lorg/apache/catalina/connector/Response;)V+260
j  org.apache.catalina.core.StandardHostValve.invoke(Lorg/apache/catalina/connector/Request;Lorg/apache/catalina/connector/Response;)V+128
j  org.apache.catalina.valves.ErrorReportValve.invoke(Lorg/apache/catalina/connector/Request;Lorg/apache/catalina/connector/Response;)V+6
j  org.apache.catalina.core.StandardEngineValve.invoke(Lorg/apache/catalina/connector/Request;Lorg/apache/catalina/connector/Response;)V+59
j  org.apache.catalina.connector.CoyoteAdapter.service(Lorg/apache/coyote/Request;Lorg/apache/coyote/Response;)V+203
j  org.apache.coyote.http11.Http11Processor.service(Lorg/apache/tomcat/util/net/SocketWrapperBase;)Lorg/apache/tomcat/util/net/AbstractEndpoint$Handler$SocketState;+796
j  org.apache.coyote.AbstractProcessorLight.process(Lorg/apache/tomcat/util/net/SocketWrapperBase;Lorg/apache/tomcat/util/net/SocketEvent;)Lorg/apache/tomcat/util/net/AbstractEndpoint$Handler$SocketState;+170
j  org.apache.coyote.AbstractProtocol$ConnectionHandler.process(Lorg/apache/tomcat/util/net/SocketWrapperBase;Lorg/apache/tomcat/util/net/SocketEvent;)Lorg/apache/tomcat/util/net/AbstractEndpoint$Handler$SocketState;+489
j  org.apache.tomcat.util.net.NioEndpoint$SocketProcessor.doRun()V+249
j  org.apache.tomcat.util.net.SocketProcessorBase.run()V+21
j  org.apache.tomcat.util.threads.ThreadPoolExecutor.runWorker(Lorg/apache/tomcat/util/threads/ThreadPoolExecutor$Worker;)V+92
j  org.apache.tomcat.util.threads.ThreadPoolExecutor$Worker.run()V+5
j  org.apache.tomcat.util.threads.TaskThread$WrappingRunnable.run()V+4
j  java.lang.Thread.run()V+11
v  ~StubRoutines::call_stub

---------------  P R O C E S S  ---------------

Java Threads: ( => current thread )
  0x000000001fb31800 JavaThread "lettuce-eventExecutorLoop-1-5" daemon [_thread_blocked, id=25980, stack(0x0000000027db0000,0x0000000027eb0000)]
  0x000000001fb30000 JavaThread "lettuce-eventExecutorLoop-1-4" daemon [_thread_blocked, id=1788, stack(0x0000000027cb0000,0x0000000027db0000)]
  0x000000001fb2e800 JavaThread "HikariPool-1 housekeeper" daemon [_thread_blocked, id=24096, stack(0x00000000277b0000,0x00000000278b0000)]
  0x000000001fb31000 JavaThread "RMI TCP Connection(idle)" daemon [_thread_blocked, id=28844, stack(0x00000000272b0000,0x00000000273b0000)]
  0x000000001fb2f800 JavaThread "RMI TCP Connection(idle)" daemon [_thread_blocked, id=11984, stack(0x00000000218c0000,0x00000000219c0000)]
  0x000000001fb2e000 JavaThread "DestroyJavaVM" [_thread_blocked, id=12576, stack(0x0000000002a80000,0x0000000002b80000)]
  0x000000001fb2d000 JavaThread "pool-2-thread-1" [_thread_blocked, id=16988, stack(0x00000000271b0000,0x00000000272b0000)]
  0x000000001fb25800 JavaThread "lettuce-eventExecutorLoop-1-3" daemon [_thread_blocked, id=24944, stack(0x00000000270b0000,0x00000000271b0000)]
  0x000000001fb2c800 JavaThread "lettuce-eventExecutorLoop-1-2" daemon [_thread_blocked, id=17612, stack(0x0000000026fb0000,0x00000000270b0000)]
  0x000000001fb25000 JavaThread "lettuce-nioEventLoop-4-2" daemon [_thread_in_native, id=17696, stack(0x0000000026aa0000,0x0000000026ba0000)]
  0x000000001fb2b800 JavaThread "http-nio-8080-Acceptor" daemon [_thread_in_native, id=13576, stack(0x00000000267a0000,0x00000000268a0000)]
  0x000000001fb24000 JavaThread "http-nio-8080-Poller" daemon [_thread_in_native, id=20488, stack(0x00000000266a0000,0x00000000267a0000)]
  0x000000001fb2b000 JavaThread "http-nio-8080-exec-10" daemon [_thread_blocked, id=27084, stack(0x00000000265a0000,0x00000000266a0000)]
  0x000000001fb23800 JavaThread "http-nio-8080-exec-9" daemon [_thread_blocked, id=9788, stack(0x00000000264a0000,0x00000000265a0000)]
  0x000000001fb2a000 JavaThread "http-nio-8080-exec-8" daemon [_thread_blocked, id=30312, stack(0x00000000263a0000,0x00000000264a0000)]
  0x000000001fb28800 JavaThread "http-nio-8080-exec-7" daemon [_thread_blocked, id=22816, stack(0x00000000262a0000,0x00000000263a0000)]
  0x000000001fb22800 JavaThread "http-nio-8080-exec-6" daemon [_thread_blocked, id=29544, stack(0x00000000261a0000,0x00000000262a0000)]
  0x000000001fb28000 JavaThread "http-nio-8080-exec-5" daemon [_thread_blocked, id=16344, stack(0x00000000260a0000,0x00000000261a0000)]
  0x000000001fb26800 JavaThread "http-nio-8080-exec-4" daemon [_thread_blocked, id=6716, stack(0x0000000025fa0000,0x00000000260a0000)]
  0x000000001fb29800 JavaThread "http-nio-8080-exec-3" daemon [_thread_blocked, id=17292, stack(0x0000000025ea0000,0x0000000025fa0000)]
  0x000000001fb27000 JavaThread "http-nio-8080-exec-2" daemon [_thread_blocked, id=26204, stack(0x0000000025da0000,0x0000000025ea0000)]
=>0x00000000233ad000 JavaThread "http-nio-8080-exec-1" daemon [_thread_in_vm, id=15120, stack(0x0000000025ca0000,0x0000000025da0000)]
  0x00000000233ac000 JavaThread "File Watcher" daemon [_thread_blocked, id=30124, stack(0x0000000025ba0000,0x0000000025ca0000)]
  0x00000000233ab800 JavaThread "lettuce-eventExecutorLoop-1-1" daemon [_thread_blocked, id=11456, stack(0x0000000025aa0000,0x0000000025ba0000)]
  0x00000000233b2800 JavaThread "lettuce-nioEventLoop-4-1" daemon [_thread_in_native, id=23024, stack(0x0000000025490000,0x0000000025590000)]
  0x00000000233b1000 JavaThread "Live Reload Server" daemon [_thread_in_native, id=22592, stack(0x0000000024f90000,0x0000000025090000)]
  0x00000000233af800 JavaThread "mysql-cj-abandoned-connection-cleanup" daemon [_thread_blocked, id=28312, stack(0x0000000024890000,0x0000000024990000)]
  0x00000000233b0000 JavaThread "container-0" [_thread_blocked, id=21576, stack(0x0000000024590000,0x0000000024690000)]
  0x00000000233ae800 JavaThread "Catalina-utility-2" [_thread_blocked, id=15380, stack(0x0000000024490000,0x0000000024590000)]
  0x00000000233b1800 JavaThread "Catalina-utility-1" [_thread_blocked, id=27016, stack(0x0000000024390000,0x0000000024490000)]
  0x0000000023132800 JavaThread "RMI TCP Connection(idle)" daemon [_thread_blocked, id=13028, stack(0x0000000024090000,0x0000000024190000)]
  0x0000000023182800 JavaThread "lettuce-timer-3-1" daemon [_thread_blocked, id=12300, stack(0x0000000021fc0000,0x00000000220c0000)]
  0x000000002095c800 JavaThread "RMI Scheduler(0)" daemon [_thread_blocked, id=11232, stack(0x0000000021ec0000,0x0000000021fc0000)]
  0x0000000020902000 JavaThread "RMI TCP Connection(idle)" daemon [_thread_blocked, id=28968, stack(0x0000000021dc0000,0x0000000021ec0000)]
  0x000000001fb57800 JavaThread "RMI TCP Accept-0" daemon [_thread_in_native, id=28124, stack(0x0000000020240000,0x0000000020340000)]
  0x000000001f8e7000 JavaThread "Service Thread" daemon [_thread_blocked, id=26728, stack(0x0000000020140000,0x0000000020240000)]
  0x000000001f849800 JavaThread "C1 CompilerThread3" daemon [_thread_blocked, id=16560, stack(0x0000000020040000,0x0000000020140000)]
  0x000000001f82b800 JavaThread "C2 CompilerThread2" daemon [_thread_blocked, id=7464, stack(0x000000001ff40000,0x0000000020040000)]
  0x000000001f82a800 JavaThread "C2 CompilerThread1" daemon [_thread_blocked, id=25444, stack(0x000000001fe40000,0x000000001ff40000)]
  0x000000001f7d4000 JavaThread "C2 CompilerThread0" daemon [_thread_blocked, id=5432, stack(0x000000001fd40000,0x000000001fe40000)]
  0x000000001dd0a800 JavaThread "JDWP Command Reader" daemon [_thread_in_native, id=28788, stack(0x000000001f440000,0x000000001f540000)]
  0x000000001dd06000 JavaThread "JDWP Event Helper Thread" daemon [_thread_blocked, id=19696, stack(0x000000001f340000,0x000000001f440000)]
  0x000000001dcf8800 JavaThread "JDWP Transport Listener: dt_socket" daemon [_thread_blocked, id=6356, stack(0x000000001f240000,0x000000001f340000)]
  0x000000001dcec800 JavaThread "Attach Listener" daemon [_thread_blocked, id=4504, stack(0x000000001f140000,0x000000001f240000)]
  0x000000001dcec000 JavaThread "Signal Dispatcher" daemon [_thread_blocked, id=21224, stack(0x000000001f040000,0x000000001f140000)]
  0x000000001c597800 JavaThread "Finalizer" daemon [_thread_blocked, id=18344, stack(0x000000001eed0000,0x000000001efd0000)]
  0x000000001c591000 JavaThread "Reference Handler" daemon [_thread_blocked, id=28264, stack(0x000000001edd0000,0x000000001eed0000)]

Other Threads:
  0x000000001c585800 VMThread [stack: 0x000000001ecd0000,0x000000001edd0000] [id=25632]
  0x000000001fb63000 WatcherThread [stack: 0x0000000020340000,0x0000000020440000] [id=29032]

VM state:not at safepoint (normal execution)

VM Mutex/Monitor currently owned by a thread: None

Heap:
 PSYoungGen      total 223744K, used 17880K [0x000000076e000000, 0x0000000781580000, 0x00000007c0000000)
  eden space 204800K, 8% used [0x000000076e000000,0x000000076f176130,0x000000077a800000)
  from space 18944K, 0% used [0x000000077a800000,0x000000077a800000,0x000000077ba80000)
  to   space 18944K, 0% used [0x0000000780300000,0x0000000780300000,0x0000000781580000)
 ParOldGen       total 198656K, used 24914K [0x00000006ca000000, 0x00000006d6200000, 0x000000076e000000)
  object space 198656K, 12% used [0x00000006ca000000,0x00000006cb854b90,0x00000006d6200000)
 Metaspace       used 56147K, capacity 60279K, committed 60464K, reserved 1101824K
  class space    used 7359K, capacity 8151K, committed 8240K, reserved 1048576K

Card table byte_map: [0x0000000012210000,0x00000000129d0000] byte_map_base: 0x000000000ebc0000

Marking Bits: (ParMarkBitMap*) 0x000000005f57c720
 Begin Bits: [0x00000000138f0000, 0x0000000017670000)
 End Bits:   [0x0000000017670000, 0x000000001b3f0000)

Polling page: 0x0000000000cc0000

CodeCache: size=245760Kb used=9580Kb max_used=9638Kb free=236179Kb
 bounds [0x0000000002e50000, 0x00000000037c0000, 0x0000000011e50000]
 total_blobs=5406 nmethods=4829 adapters=498
 compilation: enabled

Compilation events (10 events):
Event: 73.010 Thread 0x000000001f849800 4940       1       java.util.concurrent.locks.ReentrantLock$NonfairSync::tryAcquire (6 bytes)
Event: 73.010 Thread 0x000000001f849800 nmethod 4940 0x00000000036768d0 code [0x0000000003676a20, 0x0000000003676b68]
Event: 73.010 Thread 0x000000001f849800 4941       1       java.util.concurrent.ScheduledThreadPoolExecutor::canRunInCurrentRunState (20 bytes)
Event: 73.010 Thread 0x000000001f849800 nmethod 4941 0x00000000036ec5d0 code [0x00000000036ec720, 0x00000000036ec890]
Event: 73.011 Thread 0x000000001f849800 4942       1       java.util.concurrent.ThreadPoolExecutor::isRunningOrShutdown (31 bytes)
Event: 73.011 Thread 0x000000001f849800 nmethod 4942 0x0000000003698390 code [0x00000000036984e0, 0x0000000003698650]
Event: 73.132 Thread 0x000000001f849800 4943       1       java.lang.reflect.Method::invoke (62 bytes)
Event: 73.132 Thread 0x000000001f849800 nmethod 4943 0x00000000030230d0 code [0x0000000003023260, 0x00000000030234e8]
Event: 77.877 Thread 0x000000001f849800 4944       1       java.util.concurrent.ScheduledThreadPoolExecutor::now (4 bytes)
Event: 77.877 Thread 0x000000001f849800 nmethod 4944 0x0000000002fe5d50 code [0x0000000002fe5ea0, 0x0000000002fe5fb0]

GC Heap History (10 events):
Event: 3.575 GC heap before
{Heap before GC invocations=8 (full 2):
 PSYoungGen      total 162816K, used 12271K [0x000000076e000000, 0x000000077b580000, 0x00000007c0000000)
  eden space 150528K, 0% used [0x000000076e000000,0x000000076e000000,0x0000000777300000)
  from space 12288K, 99% used [0x0000000778100000,0x0000000778cfbd50,0x0000000778d00000)
  to   space 14336K, 0% used [0x0000000777300000,0x0000000777300000,0x0000000778100000)
 ParOldGen       total 97280K, used 8667K [0x00000006ca000000, 0x00000006cff00000, 0x000000076e000000)
  object space 97280K, 8% used [0x00000006ca000000,0x00000006ca876cb0,0x00000006cff00000)
 Metaspace       used 33154K, capacity 35445K, committed 35496K, reserved 1079296K
  class space    used 4409K, capacity 4861K, committed 4912K, reserved 1048576K
Event: 3.609 GC heap after
Heap after GC invocations=8 (full 2):
 PSYoungGen      total 162816K, used 0K [0x000000076e000000, 0x000000077b580000, 0x00000007c0000000)
  eden space 150528K, 0% used [0x000000076e000000,0x000000076e000000,0x0000000777300000)
  from space 12288K, 0% used [0x0000000778100000,0x0000000778100000,0x0000000778d00000)
  to   space 14336K, 0% used [0x0000000777300000,0x0000000777300000,0x0000000778100000)
 ParOldGen       total 159744K, used 18099K [0x00000006ca000000, 0x00000006d3c00000, 0x000000076e000000)
  object space 159744K, 11% used [0x00000006ca000000,0x00000006cb1acc38,0x00000006d3c00000)
 Metaspace       used 33154K, capacity 35445K, committed 35496K, reserved 1079296K
  class space    used 4409K, capacity 4861K, committed 4912K, reserved 1048576K
}
Event: 5.199 GC heap before
{Heap before GC invocations=9 (full 2):
 PSYoungGen      total 162816K, used 150528K [0x000000076e000000, 0x000000077b580000, 0x00000007c0000000)
  eden space 150528K, 100% used [0x000000076e000000,0x0000000777300000,0x0000000777300000)
  from space 12288K, 0% used [0x0000000778100000,0x0000000778100000,0x0000000778d00000)
  to   space 14336K, 0% used [0x0000000777300000,0x0000000777300000,0x0000000778100000)
 ParOldGen       total 159744K, used 18099K [0x00000006ca000000, 0x00000006d3c00000, 0x000000076e000000)
  object space 159744K, 11% used [0x00000006ca000000,0x00000006cb1acc38,0x00000006d3c00000)
 Metaspace       used 43161K, capacity 46321K, committed 46384K, reserved 1089536K
  class space    used 5783K, capacity 6392K, committed 6448K, reserved 1048576K
Event: 5.207 GC heap after
Heap after GC invocations=9 (full 2):
 PSYoungGen      total 164864K, used 12392K [0x000000076e000000, 0x000000077cd00000, 0x00000007c0000000)
  eden space 150528K, 0% used [0x000000076e000000,0x000000076e000000,0x0000000777300000)
  from space 14336K, 86% used [0x0000000777300000,0x0000000777f1a040,0x0000000778100000)
  to   space 15360K, 0% used [0x000000077be00000,0x000000077be00000,0x000000077cd00000)
 ParOldGen       total 159744K, used 18171K [0x00000006ca000000, 0x00000006d3c00000, 0x000000076e000000)
  object space 159744K, 11% used [0x00000006ca000000,0x00000006cb1bec48,0x00000006d3c00000)
 Metaspace       used 43161K, capacity 46321K, committed 46384K, reserved 1089536K
  class space    used 5783K, capacity 6392K, committed 6448K, reserved 1048576K
}
Event: 11.420 GC heap before
{Heap before GC invocations=10 (full 2):
 PSYoungGen      total 164864K, used 162920K [0x000000076e000000, 0x000000077cd00000, 0x00000007c0000000)
  eden space 150528K, 100% used [0x000000076e000000,0x0000000777300000,0x0000000777300000)
  from space 14336K, 86% used [0x0000000777300000,0x0000000777f1a040,0x0000000778100000)
  to   space 15360K, 0% used [0x000000077be00000,0x000000077be00000,0x000000077cd00000)
 ParOldGen       total 159744K, used 18171K [0x00000006ca000000, 0x00000006d3c00000, 0x000000076e000000)
  object space 159744K, 11% used [0x00000006ca000000,0x00000006cb1bec48,0x00000006d3c00000)
 Metaspace       used 53592K, capacity 57631K, committed 57776K, reserved 1099776K
  class space    used 7097K, capacity 7843K, committed 7856K, reserved 1048576K
Event: 11.433 GC heap after
Heap after GC invocations=10 (full 2):
 PSYoungGen      total 219136K, used 15338K [0x000000076e000000, 0x000000077cd00000, 0x00000007c0000000)
  eden space 203776K, 0% used [0x000000076e000000,0x000000076e000000,0x000000077a700000)
  from space 15360K, 99% used [0x000000077be00000,0x000000077ccfa810,0x000000077cd00000)
  to   space 18944K, 0% used [0x000000077a800000,0x000000077a800000,0x000000077ba80000)
 ParOldGen       total 159744K, used 21564K [0x00000006ca000000, 0x00000006d3c00000, 0x000000076e000000)
  object space 159744K, 13% used [0x00000006ca000000,0x00000006cb50f2d8,0x00000006d3c00000)
 Metaspace       used 53592K, capacity 57631K, committed 57776K, reserved 1099776K
  class space    used 7097K, capacity 7843K, committed 7856K, reserved 1048576K
}
Event: 11.524 GC heap before
{Heap before GC invocations=11 (full 2):
 PSYoungGen      total 219136K, used 26705K [0x000000076e000000, 0x000000077cd00000, 0x00000007c0000000)
  eden space 203776K, 5% used [0x000000076e000000,0x000000076eb19dc0,0x000000077a700000)
  from space 15360K, 99% used [0x000000077be00000,0x000000077ccfa810,0x000000077cd00000)
  to   space 18944K, 0% used [0x000000077a800000,0x000000077a800000,0x000000077ba80000)
 ParOldGen       total 159744K, used 21564K [0x00000006ca000000, 0x00000006d3c00000, 0x000000076e000000)
  object space 159744K, 13% used [0x00000006ca000000,0x00000006cb50f2d8,0x00000006d3c00000)
 Metaspace       used 55014K, capacity 59091K, committed 59160K, reserved 1099776K
  class space    used 7230K, capacity 7983K, committed 7984K, reserved 1048576K
Event: 11.531 GC heap after
Heap after GC invocations=11 (full 2):
 PSYoungGen      total 223744K, used 13480K [0x000000076e000000, 0x0000000781580000, 0x00000007c0000000)
  eden space 204800K, 0% used [0x000000076e000000,0x000000076e000000,0x000000077a800000)
  from space 18944K, 71% used [0x000000077a800000,0x000000077b52a238,0x000000077ba80000)
  to   space 18944K, 0% used [0x0000000780300000,0x0000000780300000,0x0000000781580000)
 ParOldGen       total 159744K, used 21572K [0x00000006ca000000, 0x00000006d3c00000, 0x000000076e000000)
  object space 159744K, 13% used [0x00000006ca000000,0x00000006cb5112d8,0x00000006d3c00000)
 Metaspace       used 55014K, capacity 59091K, committed 59160K, reserved 1099776K
  class space    used 7230K, capacity 7983K, committed 7984K, reserved 1048576K
}
Event: 11.531 GC heap before
{Heap before GC invocations=12 (full 3):
 PSYoungGen      total 223744K, used 13480K [0x000000076e000000, 0x0000000781580000, 0x00000007c0000000)
  eden space 204800K, 0% used [0x000000076e000000,0x000000076e000000,0x000000077a800000)
  from space 18944K, 71% used [0x000000077a800000,0x000000077b52a238,0x000000077ba80000)
  to   space 18944K, 0% used [0x0000000780300000,0x0000000780300000,0x0000000781580000)
 ParOldGen       total 159744K, used 21572K [0x00000006ca000000, 0x00000006d3c00000, 0x000000076e000000)
  object space 159744K, 13% used [0x00000006ca000000,0x00000006cb5112d8,0x00000006d3c00000)
 Metaspace       used 55014K, capacity 59091K, committed 59160K, reserved 1099776K
  class space    used 7230K, capacity 7983K, committed 7984K, reserved 1048576K
Event: 11.627 GC heap after
Heap after GC invocations=12 (full 3):
 PSYoungGen      total 223744K, used 0K [0x000000076e000000, 0x0000000781580000, 0x00000007c0000000)
  eden space 204800K, 0% used [0x000000076e000000,0x000000076e000000,0x000000077a800000)
  from space 18944K, 0% used [0x000000077a800000,0x000000077a800000,0x000000077ba80000)
  to   space 18944K, 0% used [0x0000000780300000,0x0000000780300000,0x0000000781580000)
 ParOldGen       total 198656K, used 24914K [0x00000006ca000000, 0x00000006d6200000, 0x000000076e000000)
  object space 198656K, 12% used [0x00000006ca000000,0x00000006cb854b90,0x00000006d6200000)
 Metaspace       used 55010K, capacity 59085K, committed 59160K, reserved 1099776K
  class space    used 7229K, capacity 7982K, committed 7984K, reserved 1048576K
}

Deoptimization events (0 events):
No events

Internal exceptions (10 events):
Event: 11.317 Thread 0x00000000233ad000 Exception <a 'java/lang/ArrayIndexOutOfBoundsException'> (0x00000007763a8da8) thrown at [C:\re\workspace\8-2-build-windows-amd64-cygwin\jdk8u131\8869\hotspot\src\share\vm\runtime\sharedRuntime.cpp, line 605]
Event: 11.322 Thread 0x00000000233ad000 Exception <a 'java/lang/ArrayIndexOutOfBoundsException'> (0x0000000776462398) thrown at [C:\re\workspace\8-2-build-windows-amd64-cygwin\jdk8u131\8869\hotspot\src\share\vm\runtime\sharedRuntime.cpp, line 605]
Event: 11.692 Thread 0x00000000233ad000 Exception <a 'java/lang/ClassNotFoundException': java/lang/ObjectCustomizer> (0x000000076e8cf3d0) thrown at [C:\re\workspace\8-2-build-windows-amd64-cygwin\jdk8u131\8869\hotspot\src\share\vm\classfile\systemDictionary.cpp, line 210]
Event: 11.692 Thread 0x00000000233ad000 Exception <a 'java/lang/ArrayIndexOutOfBoundsException'> (0x000000076e8d2718) thrown at [C:\re\workspace\8-2-build-windows-amd64-cygwin\jdk8u131\8869\hotspot\src\share\vm\runtime\sharedRuntime.cpp, line 605]
Event: 11.694 Thread 0x00000000233ad000 Exception <a 'java/lang/ClassNotFoundException': com/lzh/usercenter/pojo/vo/SafetyUserCustomizer> (0x000000076e8f5bb0) thrown at [C:\re\workspace\8-2-build-windows-amd64-cygwin\jdk8u131\8869\hotspot\src\share\vm\classfile\systemDictionary.cpp, line 210]
Event: 11.694 Thread 0x00000000233ad000 Exception <a 'java/lang/ArrayIndexOutOfBoundsException'> (0x000000076e8fa7f8) thrown at [C:\re\workspace\8-2-build-windows-amd64-cygwin\jdk8u131\8869\hotspot\src\share\vm\runtime\sharedRuntime.cpp, line 605]
Event: 11.694 Thread 0x00000000233ad000 Exception <a 'java/lang/ArrayIndexOutOfBoundsException'> (0x000000076e8fc2f8) thrown at [C:\re\workspace\8-2-build-windows-amd64-cygwin\jdk8u131\8869\hotspot\src\share\vm\runtime\sharedRuntime.cpp, line 605]
Event: 11.695 Thread 0x00000000233ad000 Exception <a 'java/lang/ClassNotFoundException': java/lang/ObjectCustomizer> (0x000000076e92e1a8) thrown at [C:\re\workspace\8-2-build-windows-amd64-cygwin\jdk8u131\8869\hotspot\src\share\vm\classfile\systemDictionary.cpp, line 210]
Event: 11.696 Thread 0x00000000233ad000 Exception <a 'java/lang/ClassNotFoundException': com/lzh/usercenter/pojo/UserCustomizer> (0x000000076e94f688) thrown at [C:\re\workspace\8-2-build-windows-amd64-cygwin\jdk8u131\8869\hotspot\src\share\vm\classfile\systemDictionary.cpp, line 210]
Event: 29.986 Thread 0x000000001fb2d000 Exception <a 'java/lang/NoSuchMethodError': java.lang.Object.lambda$invoke$0()Ljava/lang/Object;> (0x000000076ef1e2e0) thrown at [C:\re\workspace\8-2-build-windows-amd64-cygwin\jdk8u131\8869\hotspot\src\share\vm\interpreter\linkResolver.cpp, line 582]

Events (10 events):
Event: 77.876 Executing VM operation: ChangeSingleStep
Event: 77.876 Executing VM operation: ChangeSingleStep done
Event: 77.876 Executing VM operation: ChangeSingleStep
Event: 77.876 Executing VM operation: ChangeSingleStep done
Event: 77.877 Executing VM operation: GetCurrentLocation
Event: 77.877 Executing VM operation: GetCurrentLocation done
Event: 77.877 Executing VM operation: ChangeSingleStep
Event: 77.877 Executing VM operation: ChangeSingleStep done
Event: 77.877 Executing VM operation: ChangeSingleStep
Event: 77.877 Executing VM operation: ChangeSingleStep done


Dynamic libraries:
0x00007ff7fc560000 - 0x00007ff7fc597000 	D:\jdk8\jdk8u\bin\java.exe
0x00007ffe3b890000 - 0x00007ffe3baa4000 	C:\WINDOWS\SYSTEM32\ntdll.dll
0x00007ffe3a420000 - 0x00007ffe3a4e2000 	C:\WINDOWS\System32\KERNEL32.DLL
0x00007ffe39300000 - 0x00007ffe3969c000 	C:\WINDOWS\System32\KERNELBASE.dll
0x00007ffe3a2e0000 - 0x00007ffe3a38e000 	C:\WINDOWS\System32\ADVAPI32.dll
0x00007ffe3ae90000 - 0x00007ffe3af37000 	C:\WINDOWS\System32\msvcrt.dll
0x00007ffe3a120000 - 0x00007ffe3a1c4000 	C:\WINDOWS\System32\sechost.dll
0x00007ffe39d00000 - 0x00007ffe39e15000 	C:\WINDOWS\System32\RPCRT4.dll
0x00007ffe3a750000 - 0x00007ffe3a8fb000 	C:\WINDOWS\System32\USER32.dll
0x00007ffe38df0000 - 0x00007ffe38e16000 	C:\WINDOWS\System32\win32u.dll
0x00007ffe3a390000 - 0x00007ffe3a3b9000 	C:\WINDOWS\System32\GDI32.dll
0x00007ffe38e20000 - 0x00007ffe38f32000 	C:\WINDOWS\System32\gdi32full.dll
0x00007ffe39260000 - 0x00007ffe392fa000 	C:\WINDOWS\System32\msvcp_win.dll
0x00007ffe38cd0000 - 0x00007ffe38de1000 	C:\WINDOWS\System32\ucrtbase.dll
0x00007ffe20ff0000 - 0x00007ffe2127e000 	C:\WINDOWS\WinSxS\amd64_microsoft.windows.common-controls_6595b64144ccf1df_6.0.22621.317_none_a9434687c10c9fa2\COMCTL32.dll
0x00007ffe3a710000 - 0x00007ffe3a741000 	C:\WINDOWS\System32\IMM32.DLL
0x000000005f600000 - 0x000000005f6d2000 	D:\jdk8\jdk8u\jre\bin\msvcr100.dll
0x000000005ed60000 - 0x000000005f5fc000 	D:\jdk8\jdk8u\jre\bin\server\jvm.dll
0x00007ffe3a2d0000 - 0x00007ffe3a2d8000 	C:\WINDOWS\System32\PSAPI.DLL
0x00007ffe31d00000 - 0x00007ffe31d34000 	C:\WINDOWS\SYSTEM32\WINMM.dll
0x00007ffe30540000 - 0x00007ffe3054a000 	C:\WINDOWS\SYSTEM32\VERSION.dll
0x00007ffe334c0000 - 0x00007ffe334c9000 	C:\WINDOWS\SYSTEM32\WSOCK32.dll
0x00007ffe39710000 - 0x00007ffe39781000 	C:\WINDOWS\System32\WS2_32.dll
0x000000005ed50000 - 0x000000005ed5f000 	D:\jdk8\jdk8u\jre\bin\verify.dll
0x000000005ed20000 - 0x000000005ed49000 	D:\jdk8\jdk8u\jre\bin\java.dll
0x000000005ec60000 - 0x000000005ec95000 	D:\jdk8\jdk8u\jre\bin\jdwp.dll
0x000000005ec50000 - 0x000000005ec58000 	D:\jdk8\jdk8u\jre\bin\npt.dll
0x000000005ec20000 - 0x000000005ec43000 	D:\jdk8\jdk8u\jre\bin\instrument.dll
0x000000005ed00000 - 0x000000005ed16000 	D:\jdk8\jdk8u\jre\bin\zip.dll
0x00007ffe3b070000 - 0x00007ffe3b84b000 	C:\WINDOWS\System32\SHELL32.dll
0x00007ffe36d40000 - 0x00007ffe375f5000 	C:\WINDOWS\SYSTEM32\windows.storage.dll
0x00007ffe39970000 - 0x00007ffe39cf9000 	C:\WINDOWS\System32\combase.dll
0x00007ffe36c00000 - 0x00007ffe36d3d000 	C:\WINDOWS\SYSTEM32\wintypes.dll
0x00007ffe3a1d0000 - 0x00007ffe3a2c1000 	C:\WINDOWS\System32\SHCORE.dll
0x00007ffe3a9b0000 - 0x00007ffe3aa0e000 	C:\WINDOWS\System32\shlwapi.dll
0x00007ffe38c00000 - 0x00007ffe38c21000 	C:\WINDOWS\SYSTEM32\profapi.dll
0x000000005ec10000 - 0x000000005ec19000 	D:\jdk8\jdk8u\jre\bin\dt_socket.dll
0x00007ffe382a0000 - 0x00007ffe38309000 	C:\WINDOWS\system32\mswsock.dll
0x000000005ece0000 - 0x000000005ecfa000 	D:\jdk8\jdk8u\jre\bin\net.dll
0x00007ffe37930000 - 0x00007ffe37a22000 	C:\WINDOWS\SYSTEM32\DNSAPI.dll
0x00007ffe378c0000 - 0x00007ffe378ed000 	C:\WINDOWS\SYSTEM32\IPHLPAPI.DLL
0x00007ffe39790000 - 0x00007ffe39799000 	C:\WINDOWS\System32\NSI.dll
0x00007ffe30510000 - 0x00007ffe3051a000 	C:\Windows\System32\rasadhlp.dll
0x00007ffe31570000 - 0x00007ffe315f3000 	C:\WINDOWS\System32\fwpuclnt.dll
0x000000005ec00000 - 0x000000005ec0d000 	D:\jdk8\jdk8u\jre\bin\management.dll
0x000000005ecc0000 - 0x000000005ecd1000 	D:\jdk8\jdk8u\jre\bin\nio.dll
0x00007ffe384f0000 - 0x00007ffe3850b000 	C:\WINDOWS\SYSTEM32\CRYPTSP.dll
0x00007ffe37db0000 - 0x00007ffe37de5000 	C:\WINDOWS\system32\rsaenh.dll
0x00007ffe38390000 - 0x00007ffe383b8000 	C:\WINDOWS\SYSTEM32\USERENV.dll
0x00007ffe386a0000 - 0x00007ffe386c8000 	C:\WINDOWS\SYSTEM32\bcrypt.dll
0x00007ffe38fb0000 - 0x00007ffe3902b000 	C:\WINDOWS\System32\bcryptprimitives.dll
0x00007ffe384e0000 - 0x00007ffe384ec000 	C:\WINDOWS\SYSTEM32\CRYPTBASE.dll
0x00007ffe322f0000 - 0x00007ffe32309000 	C:\WINDOWS\SYSTEM32\dhcpcsvc6.DLL
0x00007ffe322d0000 - 0x00007ffe322ef000 	C:\WINDOWS\SYSTEM32\dhcpcsvc.DLL
0x00007ffe1c360000 - 0x00007ffe1c377000 	C:\WINDOWS\system32\napinsp.dll
0x00007ffe1c280000 - 0x00007ffe1c29b000 	C:\WINDOWS\system32\pnrpnsp.dll
0x00007ffe1f8b0000 - 0x00007ffe1f8c1000 	C:\WINDOWS\System32\winrnr.dll
0x00007ffe31620000 - 0x00007ffe31635000 	C:\WINDOWS\system32\wshbth.dll
0x00007ffe1f850000 - 0x00007ffe1f871000 	C:\WINDOWS\system32\nlansp_c.dll
0x000000005ebd0000 - 0x000000005ebf4000 	D:\jdk8\jdk8u\jre\bin\sunec.dll
0x000000005ebc0000 - 0x000000005ebcb000 	D:\jdk8\jdk8u\jre\bin\sunmscapi.dll
0x00007ffe39030000 - 0x00007ffe39196000 	C:\WINDOWS\System32\CRYPT32.dll
0x00007ffe1dc80000 - 0x00007ffe1deae000 	C:\WINDOWS\SYSTEM32\dbghelp.dll
0x00007ffe39e20000 - 0x00007ffe39ef7000 	C:\WINDOWS\System32\OLEAUT32.dll

VM Arguments:
jvm_args: -agentlib:jdwp=transport=dt_socket,address=127.0.0.1:53551,suspend=y,server=n -XX:TieredStopAtLevel=1 -Xverify:none -Dspring.output.ansi.enabled=always -javaagent:C:\Users\Lenovo\AppData\Local\JetBrains\IntelliJIdea2021.1\captureAgent\debugger-agent.jar=file:/C:/Users/Lenovo/AppData/Local/Temp/capture.props -Dcom.sun.management.jmxremote -Dspring.jmx.enabled=true -Dspring.liveBeansView.mbeanDomain -Dspring.application.admin.enabled=true -Dfile.encoding=UTF-8 
java_command: com.lzh.usercenter.UserCenterApplication
java_class_path (initial): D:\jdk8\jdk8u\jre\lib\charsets.jar;D:\jdk8\jdk8u\jre\lib\deploy.jar;D:\jdk8\jdk8u\jre\lib\ext\access-bridge-64.jar;D:\jdk8\jdk8u\jre\lib\ext\cldrdata.jar;D:\jdk8\jdk8u\jre\lib\ext\dnsns.jar;D:\jdk8\jdk8u\jre\lib\ext\jaccess.jar;D:\jdk8\jdk8u\jre\lib\ext\jfxrt.jar;D:\jdk8\jdk8u\jre\lib\ext\localedata.jar;D:\jdk8\jdk8u\jre\lib\ext\nashorn.jar;D:\jdk8\jdk8u\jre\lib\ext\sunec.jar;D:\jdk8\jdk8u\jre\lib\ext\sunjce_provider.jar;D:\jdk8\jdk8u\jre\lib\ext\sunmscapi.jar;D:\jdk8\jdk8u\jre\lib\ext\sunpkcs11.jar;D:\jdk8\jdk8u\jre\lib\ext\zipfs.jar;D:\jdk8\jdk8u\jre\lib\javaws.jar;D:\jdk8\jdk8u\jre\lib\jce.jar;D:\jdk8\jdk8u\jre\lib\jfr.jar;D:\jdk8\jdk8u\jre\lib\jfxswt.jar;D:\jdk8\jdk8u\jre\lib\jsse.jar;D:\jdk8\jdk8u\jre\lib\management-agent.jar;D:\jdk8\jdk8u\jre\lib\plugin.jar;D:\jdk8\jdk8u\jre\lib\resources.jar;D:\jdk8\jdk8u\jre\lib\rt.jar;E:\code\plantProject\user-center\target\classes;D:\Maven\apache-maven-3.3.9\repository\org\springframework\boot\spring-boot-starter-web\2.7.4\spring-boot-starter-web-2.7.4.jar;D:\Maven\apache-maven-3.3.9\repository\org\springframework\boot\spring-boot-starter\2.7.4\spring-boot-starter-2.7.4.jar;D:\Maven\apache-maven-3.3.9\repository\org\springframework\boot\spring-boot-starter-logging\2.7.4\spring-boot-starter-logging-2.7.4.jar;D:\Maven\apache-maven-3.3.9\repository\ch\qos\logback\logback-classic\1.2.11\logback-classic-1.2.11.jar;D:\Maven\apache-maven-3.3.9\repository\ch\qos\logback\logback-core\1.2.11\logback-core-1.2.11.jar;D:\Maven\apache-maven-3.3.9\repository\org\apache\logging\log4j\log4j-to-slf4j\2.17.2\log4j-to-slf4j-2.17.2.jar;D:\Maven\apache-maven-3.3.9\repository\org\apache\logging\log4j\log4j-api\2.17.2\log4j-api-2.17.2.jar;D:\Maven\apache-maven-3.3.9\repository\org\slf4j\jul-to-slf4j\1.7.36\jul-to-slf4j-1.7.36.jar;D:\Maven\apache-maven-3.3.9\repository\jakarta\annotation\jakarta.annotation-api\1.3.5\jakarta.annotation-api-1.3.5.jar;D:\Maven\apache-maven-3.3.9\repository\org\yaml\snakeyaml\1.30\snakeyam
Launcher Type: SUN_STANDARD

Environment Variables:
JAVA_HOME=D:\jdk8\jdk8u
PATH=C:\ProgramData\Oracle\Java\javapath;D:\Software\bin\;C:\Program Files\Common Files\Oracle\Java\javapath;C:\Windows\system32;C:\Windows;C:\Windows\System32\Wbem;C:\Windows\System32\WindowsPowerShell\v1.0\;C:\Windows\System32\OpenSSH\;C:\Program Files (x86)\NVIDIA Corporation\PhysX\Common;C:\WINDOWS\system32;C:\WINDOWS;C:\WINDOWS\System32\Wbem;C:\WINDOWS\System32\WindowsPowerShell\v1.0\;C:\WINDOWS\System32\OpenSSH\;D:\jdk8\jdk8u\bin;D:\jdk8\jdk8u\jre\bin;D:\phpstudy_pro\Extensions\php\php7.3.4nts;D:\Software\nodejs;D:\Software\nodejs\node_global;D:\Program Files (x86)\IncrediBuild;D:\Software\mysql-8.0.26-winx64\bin;D:\Software\mysql-8.0.26-winx64;D:\Software\mysql-8.0.26-winx64\bin;D:\Software\mongodb\bin;D:\Software\Git\cmd;D:\Software\微信web开发者工具\dll;D:\Maven\apache-maven-3.3.9\bin;D:\Software\Xshell7\;C:\Users\Lenovo\AppData\Local\Microsoft\WindowsApps;;D:\Software\Microsoft VS Code\bin
USERNAME=Lenovo
OS=Windows_NT
PROCESSOR_IDENTIFIER=AMD64 Family 23 Model 96 Stepping 1, AuthenticAMD



---------------  S Y S T E M  ---------------

OS: Windows 10.0 , 64 bit Build 22621 (10.0.22621.457)

CPU:total 12 (initial active 12) (12 cores per cpu, 1 threads per core) family 23 model 96 stepping 1, cmov, cx8, fxsr, mmx, sse, sse2, sse3, ssse3, sse4.1, sse4.2, popcnt, avx, avx2, aes, clmul, mmxext, 3dnowpref, lzcnt, sse4a, tsc, tscinvbit, tscinv, bmi1

Memory: 4k page, physical 16119108k(1874372k free), swap 21209920k(1502996k free)

vm_info: Java HotSpot(TM) 64-Bit Server VM (25.131-b11) for windows-amd64 JRE (1.8.0_131-b11), built on Mar 15 2017 01:23:53 by "java_re" with MS VC++ 10.0 (VS2010)

time: Tue Oct 11 08:04:58 2022
elapsed time: 77 seconds (0d 0h 1m 17s)

